<?xml version="1.0" encoding="UTF-8"?>
<robot generator="Robot 3.1.2 (Python 3.8.5 on darwin)" generated="20200903 09:05:59.488" rpa="false">
<suite id="s1" name="Connector Tests" source="/Users/konstantinkomovits/PoT/connector-entsoe/robottests/connector_tests.robot">
<test id="s1-t1" name="fetch, 200">
<kw name="Get Body">
<assign>
<var>${body}</var>
</assign>
<kw name="Copy Dictionary" library="Collections">
<doc>Returns a copy of the given dictionary.</doc>
<arguments>
<arg>${BROKER_BODY}</arg>
<arg>deepcopy=True</arg>
</arguments>
<assign>
<var>${body}</var>
</assign>
<msg timestamp="20200903 09:05:59.938" level="INFO">${body} = {'timestamp': '2018-11-01T12:00:00+00:00', 'productCode': 'entsoe-electricity-price-product-code', 'parameters': {'period': '2020-06-08T13:00Z/2020-06-09T22:00Z', 'targetObject': '10YFI-1--------U'}}</msg>
<status status="PASS" starttime="20200903 09:05:59.937" endtime="20200903 09:05:59.938"></status>
</kw>
<kw name="Get Current Date" library="DateTime">
<doc>Returns current local or UTC time with an optional increment.</doc>
<arguments>
<arg>time_zone=UTC</arg>
<arg>result_format=%Y-%m-%dT%H:%M:%S+00:00</arg>
</arguments>
<assign>
<var>${now}</var>
</assign>
<msg timestamp="20200903 09:05:59.938" level="INFO">${now} = 2020-09-03T06:05:59+00:00</msg>
<status status="PASS" starttime="20200903 09:05:59.938" endtime="20200903 09:05:59.938"></status>
</kw>
<kw name="Set To Dictionary" library="Collections">
<doc>Adds the given ``key_value_pairs`` and ``items`` to the ``dictionary``.</doc>
<arguments>
<arg>${body}</arg>
<arg>timestamp</arg>
<arg>${now}</arg>
</arguments>
<status status="PASS" starttime="20200903 09:05:59.938" endtime="20200903 09:05:59.939"></status>
</kw>
<kw name="Set To Dictionary" library="Collections">
<doc>Adds the given ``key_value_pairs`` and ``items`` to the ``dictionary``.</doc>
<arguments>
<arg>${body}</arg>
<arg>&amp;{kwargs}</arg>
</arguments>
<status status="PASS" starttime="20200903 09:05:59.939" endtime="20200903 09:05:59.939"></status>
</kw>
<kw name="Evaluate" library="BuiltIn">
<doc>Evaluates the given expression in Python and returns the results.</doc>
<arguments>
<arg>json.dumps(${body})</arg>
<arg>json</arg>
</arguments>
<assign>
<var>${json_string}</var>
</assign>
<msg timestamp="20200903 09:05:59.939" level="INFO">${json_string} = {"timestamp": "2020-09-03T06:05:59+00:00", "productCode": "entsoe-electricity-price-product-code", "parameters": {"period": "2020-06-08T13:00Z/2020-06-09T22:00Z", "targetObject": "10YFI-1--------U"}}</msg>
<status status="PASS" starttime="20200903 09:05:59.939" endtime="20200903 09:05:59.939"></status>
</kw>
<msg timestamp="20200903 09:05:59.940" level="INFO">${body} = {"timestamp": "2020-09-03T06:05:59+00:00", "productCode": "entsoe-electricity-price-product-code", "parameters": {"period": "2020-06-08T13:00Z/2020-06-09T22:00Z", "targetObject": "10YFI-1--------U"}}</msg>
<status status="PASS" starttime="20200903 09:05:59.937" endtime="20200903 09:05:59.940"></status>
</kw>
<kw name="Fetch Data Product">
<arguments>
<arg>${body}</arg>
</arguments>
<kw name="Calculate Pot Signature" library="PoTLib">
<arguments>
<arg>${body}</arg>
<arg>${CLIENT_SECRET}</arg>
</arguments>
<assign>
<var>${signature}</var>
</assign>
<msg timestamp="20200903 09:05:59.940" level="INFO">XkkGfQbOEbCm9B5X3MDrGK7uuydwhEha8Cp8nx/L0kY=</msg>
<msg timestamp="20200903 09:05:59.940" level="INFO">${signature} = XkkGfQbOEbCm9B5X3MDrGK7uuydwhEha8Cp8nx/L0kY=</msg>
<status status="PASS" starttime="20200903 09:05:59.940" endtime="20200903 09:05:59.940"></status>
</kw>
<kw name="Set Headers" library="REST">
<tags>
<tag>settings</tag>
</tags>
<doc>*Sets new request headers or updates the existing.*</doc>
<arguments>
<arg>{"x-pot-signature": "${signature}", "x-app-token": "${APP_TOKEN}"}</arg>
</arguments>
<status status="PASS" starttime="20200903 09:05:59.940" endtime="20200903 09:05:59.941"></status>
</kw>
<kw name="Post" library="REST">
<tags>
<tag>http</tag>
</tags>
<doc>*Sends a POST request to the endpoint.*</doc>
<arguments>
<arg>/translator/v1/fetch</arg>
<arg>${body}</arg>
</arguments>
<status status="PASS" starttime="20200903 09:05:59.941" endtime="20200903 09:06:00.345"></status>
</kw>
<kw name="Output Schema" library="REST">
<tags>
<tag>I/O</tag>
</tags>
<doc>*Outputs JSON Schema to terminal or a file.*</doc>
<arguments>
<arg>response body</arg>
</arguments>
<msg timestamp="20200903 09:06:00.346" level="INFO">
{
    "type": "object",
    "properties": {
        "@context": {
            "type": "string",
            "default": "https://standards.oftrust.net/v2/Context/DataProductOutput/Forecast/Price/Electricity/"
        },
        "data": {
            "type": "object",
            "properties": {
                "forecasts": {
                    "type": "array",
                    "items": {
                        "type": "object",
                        "properties": {
                            "@type": {
                                "type": "string"
                            },
                            "period": {
                                "type": "string"
                            },
                            "pricePlans": {
                                "type": "array",
                                "items": {
                                    "type": "object",
                                    "properties": {
                                        "@type": {
                                            "type": "string"
                                        },
                                        "currency": {
                                            "type": "string"
                                        },
                                        "period": {
                                            "type": "string"
                                        },
                                        "rate": {
                                            "type": "number"
                                        }
                                    },
                                    "required": [
                                        "@type",
                                        "currency",
                                        "period",
                                        "rate"
                                    ]
                                }
                            }
                        },
                        "required": [
                            "@type",
                            "period",
                            "pricePlans"
                        ]
                    },
                    "default": [
                        {
                            "@type": "ForecastElectricityPriceMWH",
                            "period": "07.06.2020/09.06.2020",
                            "pricePlans": [
                                {
                                    "@type": "pricePlan",
                                    "currency": "EUR",
                                    "period": "07.06.2020T22:00/1h",
                                    "rate": 3.68
                                },
                                {
                                    "@type": "pricePlan",
                                    "currency": "EUR",
                                    "period": "07.06.2020T23:00/1h",
                                    "rate": 2.85
                                },
                                {
                                    "@type": "pricePlan",
                                    "currency": "EUR",
                                    "period": "08.06.2020T00:00/1h",
                                    "rate": 2.95
                                },
                                {
                                    "@type": "pricePlan",
                                    "currency": "EUR",
                                    "period": "08.06.2020T01:00/1h",
                                    "rate": 3.15
                                },
                                {
                                    "@type": "pricePlan",
                                    "currency": "EUR",
                                    "period": "08.06.2020T02:00/1h",
                                    "rate": 4.58
                                },
                                {
                                    "@type": "pricePlan",
                                    "currency": "EUR",
                                    "period": "08.06.2020T03:00/1h",
                                    "rate": 7.06
                                },
                                {
                                    "@type": "pricePlan",
                                    "currency": "EUR",
                                    "period": "08.06.2020T04:00/1h",
                                    "rate": 32.65
                                },
                                {
                                    "@type": "pricePlan",
                                    "currency": "EUR",
                                    "period": "08.06.2020T05:00/1h",
                                    "rate": 42.95
                                },
                                {
                                    "@type": "pricePlan",
                                    "currency": "EUR",
                                    "period": "08.06.2020T06:00/1h",
                                    "rate": 41.24
                                },
                                {
                                    "@type": "pricePlan",
                                    "currency": "EUR",
                                    "period": "08.06.2020T07:00/1h",
                                    "rate": 38.9
                                },
                                {
                                    "@type": "pricePlan",
                                    "currency": "EUR",
                                    "period": "08.06.2020T08:00/1h",
                                    "rate": 35.1
                                },
                                {
                                    "@type": "pricePlan",
                                    "currency": "EUR",
                                    "period": "08.06.2020T09:00/1h",
                                    "rate": 35.86
                                },
                                {
                                    "@type": "pricePlan",
                                    "currency": "EUR",
                                    "period": "08.06.2020T10:00/1h",
                                    "rate": 33.81
                                },
                                {
                                    "@type": "pricePlan",
                                    "currency": "EUR",
                                    "period": "08.06.2020T11:00/1h",
                                    "rate": 32.72
                                },
                                {
                                    "@type": "pricePlan",
                                    "currency": "EUR",
                                    "period": "08.06.2020T12:00/1h",
                                    "rate": 30.94
                                },
                                {
                                    "@type": "pricePlan",
                                    "currency": "EUR",
                                    "period": "08.06.2020T13:00/1h",
                                    "rate": 30
                                },
                                {
                                    "@type": "pricePlan",
                                    "currency": "EUR",
                                    "period": "08.06.2020T14:00/1h",
                                    "rate": 29.42
                                },
                                {
                                    "@type": "pricePlan",
                                    "currency": "EUR",
                                    "period": "08.06.2020T15:00/1h",
                                    "rate": 33.31
                                },
                                {
                                    "@type": "pricePlan",
                                    "currency": "EUR",
                                    "period": "08.06.2020T16:00/1h",
                                    "rate": 38.85
                                },
                                {
                                    "@type": "pricePlan",
                                    "currency": "EUR",
                                    "period": "08.06.2020T17:00/1h",
                                    "rate": 38.65
                                },
                                {
                                    "@type": "pricePlan",
                                    "currency": "EUR",
                                    "period": "08.06.2020T18:00/1h",
                                    "rate": 35.23
                                },
                                {
                                    "@type": "pricePlan",
                                    "currency": "EUR",
                                    "period": "08.06.2020T19:00/1h",
                                    "rate": 34.6
                                },
                                {
                                    "@type": "pricePlan",
                                    "currency": "EUR",
                                    "period": "08.06.2020T20:00/1h",
                                    "rate": 32.26
                                },
                                {
                                    "@type": "pricePlan",
                                    "currency": "EUR",
                                    "period": "08.06.2020T21:00/1h",
                                    "rate": 11.04
                                },
                                {
                                    "@type": "pricePlan",
                                    "currency": "EUR",
                                    "period": "08.06.2020T22:00/1h",
                                    "rate": 5.33
                                },
                                {
                                    "@type": "pricePlan",
                                    "currency": "EUR",
                                    "period": "08.06.2020T23:00/1h",
                                    "rate": 3.81
                                },
                                {
                                    "@type": "pricePlan",
                                    "currency": "EUR",
                                    "period": "09.06.2020T00:00/1h",
                                    "rate": 3.34
                                },
                                {
                                    "@type": "pricePlan",
                                    "currency": "EUR",
                                    "period": "09.06.2020T01:00/1h",
                                    "rate": 3.11
                                },
                                {
                                    "@type": "pricePlan",
                                    "currency": "EUR",
                                    "period": "09.06.2020T02:00/1h",
                                    "rate": 3.64
                                },
                                {
                                    "@type": "pricePlan",
                                    "currency": "EUR",
                                    "period": "09.06.2020T03:00/1h",
                                    "rate": 7.21
                                },
                                {
                                    "@type": "pricePlan",
                                    "currency": "EUR",
                                    "period": "09.06.2020T04:00/1h",
                                    "rate": 33.43
                                },
                                {
                                    "@type": "pricePlan",
                                    "currency": "EUR",
                                    "period": "09.06.2020T05:00/1h",
                                    "rate": 47.74
                                },
                                {
                                    "@type": "pricePlan",
                                    "currency": "EUR",
                                    "period": "09.06.2020T06:00/1h",
                                    "rate": 55.78
                                },
                                {
                                    "@type": "pricePlan",
                                    "currency": "EUR",
                                    "period": "09.06.2020T07:00/1h",
                                    "rate": 55.67
                                },
                                {
                                    "@type": "pricePlan",
                                    "currency": "EUR",
                                    "period": "09.06.2020T08:00/1h",
                                    "rate": 54.6
                                },
                                {
                                    "@type": "pricePlan",
                                    "currency": "EUR",
                                    "period": "09.06.2020T09:00/1h",
                                    "rate": 55.23
                                },
                                {
                                    "@type": "pricePlan",
                                    "currency": "EUR",
                                    "period": "09.06.2020T10:00/1h",
                                    "rate": 55.27
                                },
                                {
                                    "@type": "pricePlan",
                                    "currency": "EUR",
                                    "period": "09.06.2020T11:00/1h",
                                    "rate": 40.07
                                },
                                {
                                    "@type": "pricePlan",
                                    "currency": "EUR",
                                    "period": "09.06.2020T12:00/1h",
                                    "rate": 36.39
                                },
                                {
                                    "@type": "pricePlan",
                                    "currency": "EUR",
                                    "period": "09.06.2020T13:00/1h",
                                    "rate": 33.49
                                },
                                {
                                    "@type": "pricePlan",
                                    "currency": "EUR",
                                    "period": "09.06.2020T14:00/1h",
                                    "rate": 33.76
                                },
                                {
                                    "@type": "pricePlan",
                                    "currency": "EUR",
                                    "period": "09.06.2020T15:00/1h",
                                    "rate": 41.61
                                },
                                {
                                    "@type": "pricePlan",
                                    "currency": "EUR",
                                    "period": "09.06.2020T16:00/1h",
                                    "rate": 45.21
                                },
                                {
                                    "@type": "pricePlan",
                                    "currency": "EUR",
                                    "period": "09.06.2020T17:00/1h",
                                    "rate": 48.07
                                },
                                {
                                    "@type": "pricePlan",
                                    "currency": "EUR",
                                    "period": "09.06.2020T18:00/1h",
                                    "rate": 42.06
                                },
                                {
                                    "@type": "pricePlan",
                                    "currency": "EUR",
                                    "period": "09.06.2020T19:00/1h",
                                    "rate": 36.57
                                },
                                {
                                    "@type": "pricePlan",
                                    "currency": "EUR",
                                    "period": "09.06.2020T20:00/1h",
                                    "rate": 18.97
                                },
                                {
                                    "@type": "pricePlan",
                                    "currency": "EUR",
                                    "period": "09.06.2020T21:00/1h",
                                    "rate": 8.38
                                }
                            ]
                        }
                    ]
                }
            },
            "required": [
                "forecasts"
            ]
        },
        "signature": {
            "type": "object",
            "properties": {
                "type": {
                    "type": "string",
                    "default": "RsaSignature2018"
                },
                "created": {
                    "type": "string",
                    "default": "2020-09-03T06:06:00+00:00"
                },
                "creator": {
                    "type": "string",
                    "default": "http://localhost:8080/entsoe/translator/v1/public.key"
                },
                "signatureValue": {
                    "type": "string",
                    "default": "iWhCr7SeMf+dzXHAiz1F/n3tS8NXALvNq/MFDaLgf8VCw69E6C8RxpGu5TjMYIFxUPb6N4F45RJbTbXoh6eDYMy7ArT/jCeF58hWhZ2VfKeOv2GXAe6WbDW/+gsnZBAXcDDGSMion571ATqYf9jJSxNRFkZX8GxgJ9TMiOKhYXJ1qkiIMKBpkBN7Fi/RFCPn3/SBt1ENbl9vdxp64MuSn8s6UUtqEdI99WCR/PSIyCG7B3Tj0e4pRPQu8aA9DwdG+QXCivCl6cIjzO3xlugBbtbHfXhkiGrOLUb2sjbkgUAsFNKgTRlUjocybMnx0Fn6pTxYw3seztZowlz1qiqmbSI9yBlOBgCyv3Qo5hnvhfapkCJg8uwscnOy1c+wU/s63RYiypB7ldrGapdmf8WkErhwhYn66Iu5cExHejciFfcD5G7iLYdLR7FdzPTDNAN+PHCxRgtTbdCy6Y0rAApkH1UbhK7xxNVbjfmewfPdO6wx9O+27a5htO+v+JkIE4hqunJQXpvmWJDUo3hMEam2nGrMcyi64xLf4k8qHuVADMnnrqb+XA8c+71UqGjXYsYG7MD8wB3doUozA8SN6OdKSxmAIsxHVcfwVRa/h5qpT++o1m7Ku/KEJB2gtbfoowZMZa/ZNAsedJbSTqC+wawXRvPWqr9EfXWLDKjUZq/xIqM="
                }
            },
            "required": [
                "created",
                "creator",
                "signatureValue",
                "type"
            ]
        }
    },
    "required": [
        "@context",
        "data",
        "signature"
    ]
}</msg>
<status status="PASS" starttime="20200903 09:06:00.345" endtime="20200903 09:06:00.368"></status>
</kw>
<status status="PASS" starttime="20200903 09:05:59.940" endtime="20200903 09:06:00.368"></status>
</kw>
<kw name="Integer" library="REST">
<tags>
<tag>assertions</tag>
</tags>
<doc>*Asserts the field as JSON integer.*</doc>
<arguments>
<arg>response status</arg>
<arg>200</arg>
</arguments>
<status status="PASS" starttime="20200903 09:06:00.369" endtime="20200903 09:06:00.369"></status>
</kw>
<kw name="String" library="REST">
<tags>
<tag>assertions</tag>
</tags>
<doc>*Asserts the field as JSON string.*</doc>
<arguments>
<arg>response body @context</arg>
<arg>https://standards.oftrust.net/v2/Context/DataProductOutput/Forecast/Price/Electricity/</arg>
</arguments>
<status status="PASS" starttime="20200903 09:06:00.369" endtime="20200903 09:06:00.370"></status>
</kw>
<kw name="Object" library="REST">
<tags>
<tag>assertions</tag>
</tags>
<doc>*Asserts the field as JSON object.*</doc>
<arguments>
<arg>response body data</arg>
</arguments>
<status status="PASS" starttime="20200903 09:06:00.370" endtime="20200903 09:06:00.372"></status>
</kw>
<kw name="Array" library="REST">
<tags>
<tag>assertions</tag>
</tags>
<doc>*Asserts the field as JSON array.*</doc>
<arguments>
<arg>response body data forecasts</arg>
</arguments>
<status status="PASS" starttime="20200903 09:06:00.373" endtime="20200903 09:06:00.375"></status>
</kw>
<kw name="String" library="REST">
<tags>
<tag>assertions</tag>
</tags>
<doc>*Asserts the field as JSON string.*</doc>
<arguments>
<arg>response body data forecasts 0 @type</arg>
<arg>ForecastElectricityPriceMWH</arg>
</arguments>
<status status="PASS" starttime="20200903 09:06:00.375" endtime="20200903 09:06:00.376"></status>
</kw>
<kw name="String" library="REST">
<tags>
<tag>assertions</tag>
</tags>
<doc>*Asserts the field as JSON string.*</doc>
<arguments>
<arg>response body data forecasts 0 period</arg>
<arg>07.06.2020/09.06.2020</arg>
</arguments>
<status status="PASS" starttime="20200903 09:06:00.376" endtime="20200903 09:06:00.377"></status>
</kw>
<kw name="Array" library="REST">
<tags>
<tag>assertions</tag>
</tags>
<doc>*Asserts the field as JSON array.*</doc>
<arguments>
<arg>response body data forecasts 0 pricePlans</arg>
</arguments>
<status status="PASS" starttime="20200903 09:06:00.378" endtime="20200903 09:06:00.380"></status>
</kw>
<kw name="Object" library="REST">
<tags>
<tag>assertions</tag>
</tags>
<doc>*Asserts the field as JSON object.*</doc>
<arguments>
<arg>response body data forecasts 0 pricePlans 0</arg>
<arg>{"@type": "pricePlan","currency": "EUR","period": "07.06.2020T22:00/1h","rate": 3.68}</arg>
</arguments>
<status status="PASS" starttime="20200903 09:06:00.380" endtime="20200903 09:06:00.381"></status>
</kw>
<kw name="String" library="REST">
<tags>
<tag>assertions</tag>
</tags>
<doc>*Asserts the field as JSON string.*</doc>
<arguments>
<arg>response body data forecasts 0 pricePlans 0 @type</arg>
<arg>pricePlan</arg>
</arguments>
<status status="PASS" starttime="20200903 09:06:00.381" endtime="20200903 09:06:00.382"></status>
</kw>
<kw name="String" library="REST">
<tags>
<tag>assertions</tag>
</tags>
<doc>*Asserts the field as JSON string.*</doc>
<arguments>
<arg>response body data forecasts 0 pricePlans 0 currency</arg>
<arg>EUR</arg>
</arguments>
<status status="PASS" starttime="20200903 09:06:00.382" endtime="20200903 09:06:00.383"></status>
</kw>
<kw name="String" library="REST">
<tags>
<tag>assertions</tag>
</tags>
<doc>*Asserts the field as JSON string.*</doc>
<arguments>
<arg>response body data forecasts 0 pricePlans 0 period</arg>
<arg>07.06.2020T22:00/1h</arg>
</arguments>
<status status="PASS" starttime="20200903 09:06:00.383" endtime="20200903 09:06:00.384"></status>
</kw>
<kw name="Number" library="REST">
<tags>
<tag>assertions</tag>
</tags>
<doc>*Asserts the field as JSON number.*</doc>
<arguments>
<arg>response body data forecasts 0 pricePlans 0 rate</arg>
<arg>3.68</arg>
</arguments>
<status status="PASS" starttime="20200903 09:06:00.384" endtime="20200903 09:06:00.385"></status>
</kw>
<status status="PASS" starttime="20200903 09:05:59.936" endtime="20200903 09:06:00.385" critical="yes"></status>
</test>
<test id="s1-t2" name="fetch, 422, Missing data for parameters required field">
<kw name="Get Body">
<assign>
<var>${body}</var>
</assign>
<kw name="Copy Dictionary" library="Collections">
<doc>Returns a copy of the given dictionary.</doc>
<arguments>
<arg>${BROKER_BODY}</arg>
<arg>deepcopy=True</arg>
</arguments>
<assign>
<var>${body}</var>
</assign>
<msg timestamp="20200903 09:06:00.386" level="INFO">${body} = {'timestamp': '2018-11-01T12:00:00+00:00', 'productCode': 'entsoe-electricity-price-product-code', 'parameters': {'period': '2020-06-08T13:00Z/2020-06-09T22:00Z', 'targetObject': '10YFI-1--------U'}}</msg>
<status status="PASS" starttime="20200903 09:06:00.386" endtime="20200903 09:06:00.386"></status>
</kw>
<kw name="Get Current Date" library="DateTime">
<doc>Returns current local or UTC time with an optional increment.</doc>
<arguments>
<arg>time_zone=UTC</arg>
<arg>result_format=%Y-%m-%dT%H:%M:%S+00:00</arg>
</arguments>
<assign>
<var>${now}</var>
</assign>
<msg timestamp="20200903 09:06:00.387" level="INFO">${now} = 2020-09-03T06:06:00+00:00</msg>
<status status="PASS" starttime="20200903 09:06:00.386" endtime="20200903 09:06:00.387"></status>
</kw>
<kw name="Set To Dictionary" library="Collections">
<doc>Adds the given ``key_value_pairs`` and ``items`` to the ``dictionary``.</doc>
<arguments>
<arg>${body}</arg>
<arg>timestamp</arg>
<arg>${now}</arg>
</arguments>
<status status="PASS" starttime="20200903 09:06:00.387" endtime="20200903 09:06:00.387"></status>
</kw>
<kw name="Set To Dictionary" library="Collections">
<doc>Adds the given ``key_value_pairs`` and ``items`` to the ``dictionary``.</doc>
<arguments>
<arg>${body}</arg>
<arg>&amp;{kwargs}</arg>
</arguments>
<status status="PASS" starttime="20200903 09:06:00.387" endtime="20200903 09:06:00.387"></status>
</kw>
<kw name="Evaluate" library="BuiltIn">
<doc>Evaluates the given expression in Python and returns the results.</doc>
<arguments>
<arg>json.dumps(${body})</arg>
<arg>json</arg>
</arguments>
<assign>
<var>${json_string}</var>
</assign>
<msg timestamp="20200903 09:06:00.388" level="INFO">${json_string} = {"timestamp": "2020-09-03T06:06:00+00:00", "productCode": "entsoe-electricity-price-product-code", "parameters": {"period": "2020-06-08T13:00Z/2020-06-09T22:00Z", "targetObject": "10YFI-1--------U"}}</msg>
<status status="PASS" starttime="20200903 09:06:00.387" endtime="20200903 09:06:00.388"></status>
</kw>
<msg timestamp="20200903 09:06:00.388" level="INFO">${body} = {"timestamp": "2020-09-03T06:06:00+00:00", "productCode": "entsoe-electricity-price-product-code", "parameters": {"period": "2020-06-08T13:00Z/2020-06-09T22:00Z", "targetObject": "10YFI-1--------U"}}</msg>
<status status="PASS" starttime="20200903 09:06:00.386" endtime="20200903 09:06:00.388"></status>
</kw>
<kw name="Evaluate" library="BuiltIn">
<doc>Evaluates the given expression in Python and returns the results.</doc>
<arguments>
<arg>json.loads('''${body}''')</arg>
<arg>json</arg>
</arguments>
<assign>
<var>${body}</var>
</assign>
<msg timestamp="20200903 09:06:00.388" level="INFO">${body} = {'timestamp': '2020-09-03T06:06:00+00:00', 'productCode': 'entsoe-electricity-price-product-code', 'parameters': {'period': '2020-06-08T13:00Z/2020-06-09T22:00Z', 'targetObject': '10YFI-1--------U'}}</msg>
<status status="PASS" starttime="20200903 09:06:00.388" endtime="20200903 09:06:00.388"></status>
</kw>
<kw name="Pop From Dictionary" library="Collections">
<doc>Pops the given ``key`` from the ``dictionary`` and returns its value.</doc>
<arguments>
<arg>${body}</arg>
<arg>parameters</arg>
</arguments>
<status status="PASS" starttime="20200903 09:06:00.388" endtime="20200903 09:06:00.388"></status>
</kw>
<kw name="Fetch Data Product">
<arguments>
<arg>${body}</arg>
</arguments>
<kw name="Calculate Pot Signature" library="PoTLib">
<arguments>
<arg>${body}</arg>
<arg>${CLIENT_SECRET}</arg>
</arguments>
<assign>
<var>${signature}</var>
</assign>
<msg timestamp="20200903 09:06:00.389" level="INFO">zsh78rS68diIbsolVmLs+WBmEH4IITCVMZ1NokYkkUA=</msg>
<msg timestamp="20200903 09:06:00.389" level="INFO">${signature} = zsh78rS68diIbsolVmLs+WBmEH4IITCVMZ1NokYkkUA=</msg>
<status status="PASS" starttime="20200903 09:06:00.389" endtime="20200903 09:06:00.389"></status>
</kw>
<kw name="Set Headers" library="REST">
<tags>
<tag>settings</tag>
</tags>
<doc>*Sets new request headers or updates the existing.*</doc>
<arguments>
<arg>{"x-pot-signature": "${signature}", "x-app-token": "${APP_TOKEN}"}</arg>
</arguments>
<status status="PASS" starttime="20200903 09:06:00.389" endtime="20200903 09:06:00.389"></status>
</kw>
<kw name="Post" library="REST">
<tags>
<tag>http</tag>
</tags>
<doc>*Sends a POST request to the endpoint.*</doc>
<arguments>
<arg>/translator/v1/fetch</arg>
<arg>${body}</arg>
</arguments>
<status status="PASS" starttime="20200903 09:06:00.390" endtime="20200903 09:06:00.397"></status>
</kw>
<kw name="Output Schema" library="REST">
<tags>
<tag>I/O</tag>
</tags>
<doc>*Outputs JSON Schema to terminal or a file.*</doc>
<arguments>
<arg>response body</arg>
</arguments>
<msg timestamp="20200903 09:06:00.397" level="INFO">
{
    "type": "object",
    "properties": {
        "error": {
            "type": "object",
            "properties": {
                "status": {
                    "type": "integer",
                    "default": 422
                },
                "message": {
                    "type": "object",
                    "properties": {
                        "parameters": {
                            "type": "array",
                            "items": {
                                "type": "string"
                            },
                            "default": [
                                "Missing data for required field."
                            ]
                        },
                        "parameters.targetObject": {
                            "type": "array",
                            "items": {
                                "type": "string"
                            },
                            "default": [
                                "Missing data for required field."
                            ]
                        },
                        "parameters.period": {
                            "type": "array",
                            "items": {
                                "type": "string"
                            },
                            "default": [
                                "Missing data for required field."
                            ]
                        }
                    },
                    "required": [
                        "parameters",
                        "parameters.period",
                        "parameters.targetObject"
                    ]
                }
            },
            "required": [
                "message",
                "status"
            ]
        }
    },
    "required": [
        "error"
    ]
}</msg>
<status status="PASS" starttime="20200903 09:06:00.397" endtime="20200903 09:06:00.399"></status>
</kw>
<status status="PASS" starttime="20200903 09:06:00.388" endtime="20200903 09:06:00.399"></status>
</kw>
<kw name="Integer" library="REST">
<tags>
<tag>assertions</tag>
</tags>
<doc>*Asserts the field as JSON integer.*</doc>
<arguments>
<arg>response status</arg>
<arg>422</arg>
</arguments>
<status status="PASS" starttime="20200903 09:06:00.399" endtime="20200903 09:06:00.399"></status>
</kw>
<kw name="Integer" library="REST">
<tags>
<tag>assertions</tag>
</tags>
<doc>*Asserts the field as JSON integer.*</doc>
<arguments>
<arg>response body error status</arg>
<arg>422</arg>
</arguments>
<status status="PASS" starttime="20200903 09:06:00.399" endtime="20200903 09:06:00.400"></status>
</kw>
<kw name="String" library="REST">
<tags>
<tag>assertions</tag>
</tags>
<doc>*Asserts the field as JSON string.*</doc>
<arguments>
<arg>response body error message parameters 0</arg>
<arg>Missing data for required field.</arg>
</arguments>
<status status="PASS" starttime="20200903 09:06:00.400" endtime="20200903 09:06:00.400"></status>
</kw>
<status status="PASS" starttime="20200903 09:06:00.385" endtime="20200903 09:06:00.400" critical="yes"></status>
</test>
<test id="s1-t3" name="fetch, 422, missing period field in parameters">
<kw name="Get Body">
<assign>
<var>${body}</var>
</assign>
<kw name="Copy Dictionary" library="Collections">
<doc>Returns a copy of the given dictionary.</doc>
<arguments>
<arg>${BROKER_BODY}</arg>
<arg>deepcopy=True</arg>
</arguments>
<assign>
<var>${body}</var>
</assign>
<msg timestamp="20200903 09:06:00.401" level="INFO">${body} = {'timestamp': '2018-11-01T12:00:00+00:00', 'productCode': 'entsoe-electricity-price-product-code', 'parameters': {'period': '2020-06-08T13:00Z/2020-06-09T22:00Z', 'targetObject': '10YFI-1--------U'}}</msg>
<status status="PASS" starttime="20200903 09:06:00.401" endtime="20200903 09:06:00.401"></status>
</kw>
<kw name="Get Current Date" library="DateTime">
<doc>Returns current local or UTC time with an optional increment.</doc>
<arguments>
<arg>time_zone=UTC</arg>
<arg>result_format=%Y-%m-%dT%H:%M:%S+00:00</arg>
</arguments>
<assign>
<var>${now}</var>
</assign>
<msg timestamp="20200903 09:06:00.402" level="INFO">${now} = 2020-09-03T06:06:00+00:00</msg>
<status status="PASS" starttime="20200903 09:06:00.402" endtime="20200903 09:06:00.402"></status>
</kw>
<kw name="Set To Dictionary" library="Collections">
<doc>Adds the given ``key_value_pairs`` and ``items`` to the ``dictionary``.</doc>
<arguments>
<arg>${body}</arg>
<arg>timestamp</arg>
<arg>${now}</arg>
</arguments>
<status status="PASS" starttime="20200903 09:06:00.402" endtime="20200903 09:06:00.402"></status>
</kw>
<kw name="Set To Dictionary" library="Collections">
<doc>Adds the given ``key_value_pairs`` and ``items`` to the ``dictionary``.</doc>
<arguments>
<arg>${body}</arg>
<arg>&amp;{kwargs}</arg>
</arguments>
<status status="PASS" starttime="20200903 09:06:00.402" endtime="20200903 09:06:00.402"></status>
</kw>
<kw name="Evaluate" library="BuiltIn">
<doc>Evaluates the given expression in Python and returns the results.</doc>
<arguments>
<arg>json.dumps(${body})</arg>
<arg>json</arg>
</arguments>
<assign>
<var>${json_string}</var>
</assign>
<msg timestamp="20200903 09:06:00.403" level="INFO">${json_string} = {"timestamp": "2020-09-03T06:06:00+00:00", "productCode": "entsoe-electricity-price-product-code", "parameters": {"period": "2020-06-08T13:00Z/2020-06-09T22:00Z", "targetObject": "10YFI-1--------U"}}</msg>
<status status="PASS" starttime="20200903 09:06:00.402" endtime="20200903 09:06:00.403"></status>
</kw>
<msg timestamp="20200903 09:06:00.403" level="INFO">${body} = {"timestamp": "2020-09-03T06:06:00+00:00", "productCode": "entsoe-electricity-price-product-code", "parameters": {"period": "2020-06-08T13:00Z/2020-06-09T22:00Z", "targetObject": "10YFI-1--------U"}}</msg>
<status status="PASS" starttime="20200903 09:06:00.401" endtime="20200903 09:06:00.403"></status>
</kw>
<kw name="Evaluate" library="BuiltIn">
<doc>Evaluates the given expression in Python and returns the results.</doc>
<arguments>
<arg>json.loads('''${body}''')</arg>
<arg>json</arg>
</arguments>
<assign>
<var>${body}</var>
</assign>
<msg timestamp="20200903 09:06:00.403" level="INFO">${body} = {'timestamp': '2020-09-03T06:06:00+00:00', 'productCode': 'entsoe-electricity-price-product-code', 'parameters': {'period': '2020-06-08T13:00Z/2020-06-09T22:00Z', 'targetObject': '10YFI-1--------U'}}</msg>
<status status="PASS" starttime="20200903 09:06:00.403" endtime="20200903 09:06:00.403"></status>
</kw>
<kw name="Pop From Dictionary" library="Collections">
<doc>Pops the given ``key`` from the ``dictionary`` and returns its value.</doc>
<arguments>
<arg>${body["parameters"]}</arg>
<arg>period</arg>
</arguments>
<status status="PASS" starttime="20200903 09:06:00.403" endtime="20200903 09:06:00.404"></status>
</kw>
<kw name="Fetch Data Product">
<arguments>
<arg>${body}</arg>
</arguments>
<kw name="Calculate Pot Signature" library="PoTLib">
<arguments>
<arg>${body}</arg>
<arg>${CLIENT_SECRET}</arg>
</arguments>
<assign>
<var>${signature}</var>
</assign>
<msg timestamp="20200903 09:06:00.404" level="INFO">b2u7QNVkBA9fTIU0TtmAew1p5A0YsLDnbcu4HgI5FIc=</msg>
<msg timestamp="20200903 09:06:00.404" level="INFO">${signature} = b2u7QNVkBA9fTIU0TtmAew1p5A0YsLDnbcu4HgI5FIc=</msg>
<status status="PASS" starttime="20200903 09:06:00.404" endtime="20200903 09:06:00.404"></status>
</kw>
<kw name="Set Headers" library="REST">
<tags>
<tag>settings</tag>
</tags>
<doc>*Sets new request headers or updates the existing.*</doc>
<arguments>
<arg>{"x-pot-signature": "${signature}", "x-app-token": "${APP_TOKEN}"}</arg>
</arguments>
<status status="PASS" starttime="20200903 09:06:00.404" endtime="20200903 09:06:00.405"></status>
</kw>
<kw name="Post" library="REST">
<tags>
<tag>http</tag>
</tags>
<doc>*Sends a POST request to the endpoint.*</doc>
<arguments>
<arg>/translator/v1/fetch</arg>
<arg>${body}</arg>
</arguments>
<status status="PASS" starttime="20200903 09:06:00.405" endtime="20200903 09:06:00.413"></status>
</kw>
<kw name="Output Schema" library="REST">
<tags>
<tag>I/O</tag>
</tags>
<doc>*Outputs JSON Schema to terminal or a file.*</doc>
<arguments>
<arg>response body</arg>
</arguments>
<msg timestamp="20200903 09:06:00.413" level="INFO">
{
    "type": "object",
    "properties": {
        "error": {
            "type": "object",
            "properties": {
                "status": {
                    "type": "integer",
                    "default": 422
                },
                "message": {
                    "type": "object",
                    "properties": {
                        "parameters.period": {
                            "type": "array",
                            "items": {
                                "type": "string"
                            },
                            "default": [
                                "Missing data for required field."
                            ]
                        }
                    },
                    "required": [
                        "parameters.period"
                    ]
                }
            },
            "required": [
                "message",
                "status"
            ]
        }
    },
    "required": [
        "error"
    ]
}</msg>
<status status="PASS" starttime="20200903 09:06:00.413" endtime="20200903 09:06:00.414"></status>
</kw>
<status status="PASS" starttime="20200903 09:06:00.404" endtime="20200903 09:06:00.414"></status>
</kw>
<kw name="Integer" library="REST">
<tags>
<tag>assertions</tag>
</tags>
<doc>*Asserts the field as JSON integer.*</doc>
<arguments>
<arg>response status</arg>
<arg>422</arg>
</arguments>
<status status="PASS" starttime="20200903 09:06:00.414" endtime="20200903 09:06:00.415"></status>
</kw>
<kw name="Integer" library="REST">
<tags>
<tag>assertions</tag>
</tags>
<doc>*Asserts the field as JSON integer.*</doc>
<arguments>
<arg>response body error status</arg>
<arg>422</arg>
</arguments>
<status status="PASS" starttime="20200903 09:06:00.415" endtime="20200903 09:06:00.416"></status>
</kw>
<kw name="String" library="REST">
<tags>
<tag>assertions</tag>
</tags>
<doc>*Asserts the field as JSON string.*</doc>
<arguments>
<arg>response body error message parameters.period 0</arg>
<arg>Missing data for required field.</arg>
</arguments>
<status status="PASS" starttime="20200903 09:06:00.416" endtime="20200903 09:06:00.417"></status>
</kw>
<status status="PASS" starttime="20200903 09:06:00.401" endtime="20200903 09:06:00.417" critical="yes"></status>
</test>
<test id="s1-t4" name="fetch, 422, missing targetObject field in parameters">
<kw name="Get Body">
<assign>
<var>${body}</var>
</assign>
<kw name="Copy Dictionary" library="Collections">
<doc>Returns a copy of the given dictionary.</doc>
<arguments>
<arg>${BROKER_BODY}</arg>
<arg>deepcopy=True</arg>
</arguments>
<assign>
<var>${body}</var>
</assign>
<msg timestamp="20200903 09:06:00.418" level="INFO">${body} = {'timestamp': '2018-11-01T12:00:00+00:00', 'productCode': 'entsoe-electricity-price-product-code', 'parameters': {'period': '2020-06-08T13:00Z/2020-06-09T22:00Z', 'targetObject': '10YFI-1--------U'}}</msg>
<status status="PASS" starttime="20200903 09:06:00.418" endtime="20200903 09:06:00.418"></status>
</kw>
<kw name="Get Current Date" library="DateTime">
<doc>Returns current local or UTC time with an optional increment.</doc>
<arguments>
<arg>time_zone=UTC</arg>
<arg>result_format=%Y-%m-%dT%H:%M:%S+00:00</arg>
</arguments>
<assign>
<var>${now}</var>
</assign>
<msg timestamp="20200903 09:06:00.418" level="INFO">${now} = 2020-09-03T06:06:00+00:00</msg>
<status status="PASS" starttime="20200903 09:06:00.418" endtime="20200903 09:06:00.418"></status>
</kw>
<kw name="Set To Dictionary" library="Collections">
<doc>Adds the given ``key_value_pairs`` and ``items`` to the ``dictionary``.</doc>
<arguments>
<arg>${body}</arg>
<arg>timestamp</arg>
<arg>${now}</arg>
</arguments>
<status status="PASS" starttime="20200903 09:06:00.418" endtime="20200903 09:06:00.418"></status>
</kw>
<kw name="Set To Dictionary" library="Collections">
<doc>Adds the given ``key_value_pairs`` and ``items`` to the ``dictionary``.</doc>
<arguments>
<arg>${body}</arg>
<arg>&amp;{kwargs}</arg>
</arguments>
<status status="PASS" starttime="20200903 09:06:00.419" endtime="20200903 09:06:00.419"></status>
</kw>
<kw name="Evaluate" library="BuiltIn">
<doc>Evaluates the given expression in Python and returns the results.</doc>
<arguments>
<arg>json.dumps(${body})</arg>
<arg>json</arg>
</arguments>
<assign>
<var>${json_string}</var>
</assign>
<msg timestamp="20200903 09:06:00.419" level="INFO">${json_string} = {"timestamp": "2020-09-03T06:06:00+00:00", "productCode": "entsoe-electricity-price-product-code", "parameters": {"period": "2020-06-08T13:00Z/2020-06-09T22:00Z", "targetObject": "10YFI-1--------U"}}</msg>
<status status="PASS" starttime="20200903 09:06:00.419" endtime="20200903 09:06:00.419"></status>
</kw>
<msg timestamp="20200903 09:06:00.419" level="INFO">${body} = {"timestamp": "2020-09-03T06:06:00+00:00", "productCode": "entsoe-electricity-price-product-code", "parameters": {"period": "2020-06-08T13:00Z/2020-06-09T22:00Z", "targetObject": "10YFI-1--------U"}}</msg>
<status status="PASS" starttime="20200903 09:06:00.417" endtime="20200903 09:06:00.419"></status>
</kw>
<kw name="Evaluate" library="BuiltIn">
<doc>Evaluates the given expression in Python and returns the results.</doc>
<arguments>
<arg>json.loads('''${body}''')</arg>
<arg>json</arg>
</arguments>
<assign>
<var>${body}</var>
</assign>
<msg timestamp="20200903 09:06:00.420" level="INFO">${body} = {'timestamp': '2020-09-03T06:06:00+00:00', 'productCode': 'entsoe-electricity-price-product-code', 'parameters': {'period': '2020-06-08T13:00Z/2020-06-09T22:00Z', 'targetObject': '10YFI-1--------U'}}</msg>
<status status="PASS" starttime="20200903 09:06:00.419" endtime="20200903 09:06:00.420"></status>
</kw>
<kw name="Pop From Dictionary" library="Collections">
<doc>Pops the given ``key`` from the ``dictionary`` and returns its value.</doc>
<arguments>
<arg>${body["parameters"]}</arg>
<arg>targetObject</arg>
</arguments>
<status status="PASS" starttime="20200903 09:06:00.420" endtime="20200903 09:06:00.420"></status>
</kw>
<kw name="Fetch Data Product">
<arguments>
<arg>${body}</arg>
</arguments>
<kw name="Calculate Pot Signature" library="PoTLib">
<arguments>
<arg>${body}</arg>
<arg>${CLIENT_SECRET}</arg>
</arguments>
<assign>
<var>${signature}</var>
</assign>
<msg timestamp="20200903 09:06:00.421" level="INFO">zbc0XXDSXdbR++LshyqXs+AVh9uZURIyhpwgpRhRLtQ=</msg>
<msg timestamp="20200903 09:06:00.421" level="INFO">${signature} = zbc0XXDSXdbR++LshyqXs+AVh9uZURIyhpwgpRhRLtQ=</msg>
<status status="PASS" starttime="20200903 09:06:00.420" endtime="20200903 09:06:00.421"></status>
</kw>
<kw name="Set Headers" library="REST">
<tags>
<tag>settings</tag>
</tags>
<doc>*Sets new request headers or updates the existing.*</doc>
<arguments>
<arg>{"x-pot-signature": "${signature}", "x-app-token": "${APP_TOKEN}"}</arg>
</arguments>
<status status="PASS" starttime="20200903 09:06:00.421" endtime="20200903 09:06:00.421"></status>
</kw>
<kw name="Post" library="REST">
<tags>
<tag>http</tag>
</tags>
<doc>*Sends a POST request to the endpoint.*</doc>
<arguments>
<arg>/translator/v1/fetch</arg>
<arg>${body}</arg>
</arguments>
<status status="PASS" starttime="20200903 09:06:00.421" endtime="20200903 09:06:00.427"></status>
</kw>
<kw name="Output Schema" library="REST">
<tags>
<tag>I/O</tag>
</tags>
<doc>*Outputs JSON Schema to terminal or a file.*</doc>
<arguments>
<arg>response body</arg>
</arguments>
<msg timestamp="20200903 09:06:00.428" level="INFO">
{
    "type": "object",
    "properties": {
        "error": {
            "type": "object",
            "properties": {
                "status": {
                    "type": "integer",
                    "default": 422
                },
                "message": {
                    "type": "object",
                    "properties": {
                        "parameters.targetObject": {
                            "type": "array",
                            "items": {
                                "type": "string"
                            },
                            "default": [
                                "Missing data for required field."
                            ]
                        }
                    },
                    "required": [
                        "parameters.targetObject"
                    ]
                }
            },
            "required": [
                "message",
                "status"
            ]
        }
    },
    "required": [
        "error"
    ]
}</msg>
<status status="PASS" starttime="20200903 09:06:00.427" endtime="20200903 09:06:00.428"></status>
</kw>
<status status="PASS" starttime="20200903 09:06:00.420" endtime="20200903 09:06:00.429"></status>
</kw>
<kw name="Integer" library="REST">
<tags>
<tag>assertions</tag>
</tags>
<doc>*Asserts the field as JSON integer.*</doc>
<arguments>
<arg>response status</arg>
<arg>422</arg>
</arguments>
<status status="PASS" starttime="20200903 09:06:00.429" endtime="20200903 09:06:00.429"></status>
</kw>
<kw name="Integer" library="REST">
<tags>
<tag>assertions</tag>
</tags>
<doc>*Asserts the field as JSON integer.*</doc>
<arguments>
<arg>response body error status</arg>
<arg>422</arg>
</arguments>
<status status="PASS" starttime="20200903 09:06:00.429" endtime="20200903 09:06:00.430"></status>
</kw>
<kw name="String" library="REST">
<tags>
<tag>assertions</tag>
</tags>
<doc>*Asserts the field as JSON string.*</doc>
<arguments>
<arg>response body error message parameters.targetObject 0</arg>
<arg>Missing data for required field.</arg>
</arguments>
<status status="PASS" starttime="20200903 09:06:00.430" endtime="20200903 09:06:00.430"></status>
</kw>
<status status="PASS" starttime="20200903 09:06:00.417" endtime="20200903 09:06:00.430" critical="yes"></status>
</test>
<test id="s1-t5" name="fetch, 200, period's first time parameter is bigger than second">
<kw name="Get Body">
<assign>
<var>${body}</var>
</assign>
<kw name="Copy Dictionary" library="Collections">
<doc>Returns a copy of the given dictionary.</doc>
<arguments>
<arg>${BROKER_BODY}</arg>
<arg>deepcopy=True</arg>
</arguments>
<assign>
<var>${body}</var>
</assign>
<msg timestamp="20200903 09:06:00.443" level="INFO">${body} = {'timestamp': '2018-11-01T12:00:00+00:00', 'productCode': 'entsoe-electricity-price-product-code', 'parameters': {'period': '2020-06-08T13:00Z/2020-06-09T22:00Z', 'targetObject': '10YFI-1--------U'}}</msg>
<status status="PASS" starttime="20200903 09:06:00.431" endtime="20200903 09:06:00.443"></status>
</kw>
<kw name="Get Current Date" library="DateTime">
<doc>Returns current local or UTC time with an optional increment.</doc>
<arguments>
<arg>time_zone=UTC</arg>
<arg>result_format=%Y-%m-%dT%H:%M:%S+00:00</arg>
</arguments>
<assign>
<var>${now}</var>
</assign>
<msg timestamp="20200903 09:06:00.444" level="INFO">${now} = 2020-09-03T06:06:00+00:00</msg>
<status status="PASS" starttime="20200903 09:06:00.444" endtime="20200903 09:06:00.444"></status>
</kw>
<kw name="Set To Dictionary" library="Collections">
<doc>Adds the given ``key_value_pairs`` and ``items`` to the ``dictionary``.</doc>
<arguments>
<arg>${body}</arg>
<arg>timestamp</arg>
<arg>${now}</arg>
</arguments>
<status status="PASS" starttime="20200903 09:06:00.444" endtime="20200903 09:06:00.444"></status>
</kw>
<kw name="Set To Dictionary" library="Collections">
<doc>Adds the given ``key_value_pairs`` and ``items`` to the ``dictionary``.</doc>
<arguments>
<arg>${body}</arg>
<arg>&amp;{kwargs}</arg>
</arguments>
<status status="PASS" starttime="20200903 09:06:00.444" endtime="20200903 09:06:00.444"></status>
</kw>
<kw name="Evaluate" library="BuiltIn">
<doc>Evaluates the given expression in Python and returns the results.</doc>
<arguments>
<arg>json.dumps(${body})</arg>
<arg>json</arg>
</arguments>
<assign>
<var>${json_string}</var>
</assign>
<msg timestamp="20200903 09:06:00.445" level="INFO">${json_string} = {"timestamp": "2020-09-03T06:06:00+00:00", "productCode": "entsoe-electricity-price-product-code", "parameters": {"period": "2020-06-08T13:00Z/2020-06-09T22:00Z", "targetObject": "10YFI-1--------U"}}</msg>
<status status="PASS" starttime="20200903 09:06:00.445" endtime="20200903 09:06:00.445"></status>
</kw>
<msg timestamp="20200903 09:06:00.445" level="INFO">${body} = {"timestamp": "2020-09-03T06:06:00+00:00", "productCode": "entsoe-electricity-price-product-code", "parameters": {"period": "2020-06-08T13:00Z/2020-06-09T22:00Z", "targetObject": "10YFI-1--------U"}}</msg>
<status status="PASS" starttime="20200903 09:06:00.431" endtime="20200903 09:06:00.445"></status>
</kw>
<kw name="Evaluate" library="BuiltIn">
<doc>Evaluates the given expression in Python and returns the results.</doc>
<arguments>
<arg>json.loads('''${body}''')</arg>
<arg>json</arg>
</arguments>
<assign>
<var>${body}</var>
</assign>
<msg timestamp="20200903 09:06:00.446" level="INFO">${body} = {'timestamp': '2020-09-03T06:06:00+00:00', 'productCode': 'entsoe-electricity-price-product-code', 'parameters': {'period': '2020-06-08T13:00Z/2020-06-09T22:00Z', 'targetObject': '10YFI-1--------U'}}</msg>
<status status="PASS" starttime="20200903 09:06:00.445" endtime="20200903 09:06:00.446"></status>
</kw>
<kw name="Set To Dictionary" library="Collections">
<doc>Adds the given ``key_value_pairs`` and ``items`` to the ``dictionary``.</doc>
<arguments>
<arg>${body["parameters"]}</arg>
<arg>period=${PERIOD_SWAP}</arg>
</arguments>
<status status="PASS" starttime="20200903 09:06:00.446" endtime="20200903 09:06:00.446"></status>
</kw>
<kw name="Evaluate" library="BuiltIn">
<doc>Evaluates the given expression in Python and returns the results.</doc>
<arguments>
<arg>json.dumps(${body})</arg>
<arg>json</arg>
</arguments>
<assign>
<var>${body}</var>
</assign>
<msg timestamp="20200903 09:06:00.447" level="INFO">${body} = {"timestamp": "2020-09-03T06:06:00+00:00", "productCode": "entsoe-electricity-price-product-code", "parameters": {"period": "2020-06-09T22:00Z/2020-06-08T13:00Z", "targetObject": "10YFI-1--------U"}}</msg>
<status status="PASS" starttime="20200903 09:06:00.446" endtime="20200903 09:06:00.447"></status>
</kw>
<kw name="Fetch Data Product">
<arguments>
<arg>${body}</arg>
</arguments>
<kw name="Calculate Pot Signature" library="PoTLib">
<arguments>
<arg>${body}</arg>
<arg>${CLIENT_SECRET}</arg>
</arguments>
<assign>
<var>${signature}</var>
</assign>
<msg timestamp="20200903 09:06:00.447" level="INFO">MpxVKbn7c+2NGEkro9sbPz1vYDdggqAT5BzQtHjtmR8=</msg>
<msg timestamp="20200903 09:06:00.447" level="INFO">${signature} = MpxVKbn7c+2NGEkro9sbPz1vYDdggqAT5BzQtHjtmR8=</msg>
<status status="PASS" starttime="20200903 09:06:00.447" endtime="20200903 09:06:00.448"></status>
</kw>
<kw name="Set Headers" library="REST">
<tags>
<tag>settings</tag>
</tags>
<doc>*Sets new request headers or updates the existing.*</doc>
<arguments>
<arg>{"x-pot-signature": "${signature}", "x-app-token": "${APP_TOKEN}"}</arg>
</arguments>
<status status="PASS" starttime="20200903 09:06:00.448" endtime="20200903 09:06:00.448"></status>
</kw>
<kw name="Post" library="REST">
<tags>
<tag>http</tag>
</tags>
<doc>*Sends a POST request to the endpoint.*</doc>
<arguments>
<arg>/translator/v1/fetch</arg>
<arg>${body}</arg>
</arguments>
<status status="PASS" starttime="20200903 09:06:00.448" endtime="20200903 09:06:00.830"></status>
</kw>
<kw name="Output Schema" library="REST">
<tags>
<tag>I/O</tag>
</tags>
<doc>*Outputs JSON Schema to terminal or a file.*</doc>
<arguments>
<arg>response body</arg>
</arguments>
<msg timestamp="20200903 09:06:00.832" level="INFO">
{
    "type": "object",
    "properties": {
        "@context": {
            "type": "string",
            "default": "https://standards.oftrust.net/v2/Context/DataProductOutput/Forecast/Price/Electricity/"
        },
        "data": {
            "type": "object",
            "properties": {
                "forecasts": {
                    "type": "array",
                    "items": {
                        "type": "object",
                        "properties": {
                            "@type": {
                                "type": "string"
                            },
                            "period": {
                                "type": "string"
                            },
                            "pricePlans": {
                                "type": "array",
                                "items": {
                                    "type": "object",
                                    "properties": {
                                        "@type": {
                                            "type": "string"
                                        },
                                        "currency": {
                                            "type": "string"
                                        },
                                        "period": {
                                            "type": "string"
                                        },
                                        "rate": {
                                            "type": "number"
                                        }
                                    },
                                    "required": [
                                        "@type",
                                        "currency",
                                        "period",
                                        "rate"
                                    ]
                                }
                            }
                        },
                        "required": [
                            "@type",
                            "period",
                            "pricePlans"
                        ]
                    },
                    "default": [
                        {
                            "@type": "ForecastElectricityPriceMWH",
                            "period": "07.06.2020/09.06.2020",
                            "pricePlans": [
                                {
                                    "@type": "pricePlan",
                                    "currency": "EUR",
                                    "period": "07.06.2020T22:00/1h",
                                    "rate": 3.68
                                },
                                {
                                    "@type": "pricePlan",
                                    "currency": "EUR",
                                    "period": "07.06.2020T23:00/1h",
                                    "rate": 2.85
                                },
                                {
                                    "@type": "pricePlan",
                                    "currency": "EUR",
                                    "period": "08.06.2020T00:00/1h",
                                    "rate": 2.95
                                },
                                {
                                    "@type": "pricePlan",
                                    "currency": "EUR",
                                    "period": "08.06.2020T01:00/1h",
                                    "rate": 3.15
                                },
                                {
                                    "@type": "pricePlan",
                                    "currency": "EUR",
                                    "period": "08.06.2020T02:00/1h",
                                    "rate": 4.58
                                },
                                {
                                    "@type": "pricePlan",
                                    "currency": "EUR",
                                    "period": "08.06.2020T03:00/1h",
                                    "rate": 7.06
                                },
                                {
                                    "@type": "pricePlan",
                                    "currency": "EUR",
                                    "period": "08.06.2020T04:00/1h",
                                    "rate": 32.65
                                },
                                {
                                    "@type": "pricePlan",
                                    "currency": "EUR",
                                    "period": "08.06.2020T05:00/1h",
                                    "rate": 42.95
                                },
                                {
                                    "@type": "pricePlan",
                                    "currency": "EUR",
                                    "period": "08.06.2020T06:00/1h",
                                    "rate": 41.24
                                },
                                {
                                    "@type": "pricePlan",
                                    "currency": "EUR",
                                    "period": "08.06.2020T07:00/1h",
                                    "rate": 38.9
                                },
                                {
                                    "@type": "pricePlan",
                                    "currency": "EUR",
                                    "period": "08.06.2020T08:00/1h",
                                    "rate": 35.1
                                },
                                {
                                    "@type": "pricePlan",
                                    "currency": "EUR",
                                    "period": "08.06.2020T09:00/1h",
                                    "rate": 35.86
                                },
                                {
                                    "@type": "pricePlan",
                                    "currency": "EUR",
                                    "period": "08.06.2020T10:00/1h",
                                    "rate": 33.81
                                },
                                {
                                    "@type": "pricePlan",
                                    "currency": "EUR",
                                    "period": "08.06.2020T11:00/1h",
                                    "rate": 32.72
                                },
                                {
                                    "@type": "pricePlan",
                                    "currency": "EUR",
                                    "period": "08.06.2020T12:00/1h",
                                    "rate": 30.94
                                },
                                {
                                    "@type": "pricePlan",
                                    "currency": "EUR",
                                    "period": "08.06.2020T13:00/1h",
                                    "rate": 30
                                },
                                {
                                    "@type": "pricePlan",
                                    "currency": "EUR",
                                    "period": "08.06.2020T14:00/1h",
                                    "rate": 29.42
                                },
                                {
                                    "@type": "pricePlan",
                                    "currency": "EUR",
                                    "period": "08.06.2020T15:00/1h",
                                    "rate": 33.31
                                },
                                {
                                    "@type": "pricePlan",
                                    "currency": "EUR",
                                    "period": "08.06.2020T16:00/1h",
                                    "rate": 38.85
                                },
                                {
                                    "@type": "pricePlan",
                                    "currency": "EUR",
                                    "period": "08.06.2020T17:00/1h",
                                    "rate": 38.65
                                },
                                {
                                    "@type": "pricePlan",
                                    "currency": "EUR",
                                    "period": "08.06.2020T18:00/1h",
                                    "rate": 35.23
                                },
                                {
                                    "@type": "pricePlan",
                                    "currency": "EUR",
                                    "period": "08.06.2020T19:00/1h",
                                    "rate": 34.6
                                },
                                {
                                    "@type": "pricePlan",
                                    "currency": "EUR",
                                    "period": "08.06.2020T20:00/1h",
                                    "rate": 32.26
                                },
                                {
                                    "@type": "pricePlan",
                                    "currency": "EUR",
                                    "period": "08.06.2020T21:00/1h",
                                    "rate": 11.04
                                },
                                {
                                    "@type": "pricePlan",
                                    "currency": "EUR",
                                    "period": "08.06.2020T22:00/1h",
                                    "rate": 5.33
                                },
                                {
                                    "@type": "pricePlan",
                                    "currency": "EUR",
                                    "period": "08.06.2020T23:00/1h",
                                    "rate": 3.81
                                },
                                {
                                    "@type": "pricePlan",
                                    "currency": "EUR",
                                    "period": "09.06.2020T00:00/1h",
                                    "rate": 3.34
                                },
                                {
                                    "@type": "pricePlan",
                                    "currency": "EUR",
                                    "period": "09.06.2020T01:00/1h",
                                    "rate": 3.11
                                },
                                {
                                    "@type": "pricePlan",
                                    "currency": "EUR",
                                    "period": "09.06.2020T02:00/1h",
                                    "rate": 3.64
                                },
                                {
                                    "@type": "pricePlan",
                                    "currency": "EUR",
                                    "period": "09.06.2020T03:00/1h",
                                    "rate": 7.21
                                },
                                {
                                    "@type": "pricePlan",
                                    "currency": "EUR",
                                    "period": "09.06.2020T04:00/1h",
                                    "rate": 33.43
                                },
                                {
                                    "@type": "pricePlan",
                                    "currency": "EUR",
                                    "period": "09.06.2020T05:00/1h",
                                    "rate": 47.74
                                },
                                {
                                    "@type": "pricePlan",
                                    "currency": "EUR",
                                    "period": "09.06.2020T06:00/1h",
                                    "rate": 55.78
                                },
                                {
                                    "@type": "pricePlan",
                                    "currency": "EUR",
                                    "period": "09.06.2020T07:00/1h",
                                    "rate": 55.67
                                },
                                {
                                    "@type": "pricePlan",
                                    "currency": "EUR",
                                    "period": "09.06.2020T08:00/1h",
                                    "rate": 54.6
                                },
                                {
                                    "@type": "pricePlan",
                                    "currency": "EUR",
                                    "period": "09.06.2020T09:00/1h",
                                    "rate": 55.23
                                },
                                {
                                    "@type": "pricePlan",
                                    "currency": "EUR",
                                    "period": "09.06.2020T10:00/1h",
                                    "rate": 55.27
                                },
                                {
                                    "@type": "pricePlan",
                                    "currency": "EUR",
                                    "period": "09.06.2020T11:00/1h",
                                    "rate": 40.07
                                },
                                {
                                    "@type": "pricePlan",
                                    "currency": "EUR",
                                    "period": "09.06.2020T12:00/1h",
                                    "rate": 36.39
                                },
                                {
                                    "@type": "pricePlan",
                                    "currency": "EUR",
                                    "period": "09.06.2020T13:00/1h",
                                    "rate": 33.49
                                },
                                {
                                    "@type": "pricePlan",
                                    "currency": "EUR",
                                    "period": "09.06.2020T14:00/1h",
                                    "rate": 33.76
                                },
                                {
                                    "@type": "pricePlan",
                                    "currency": "EUR",
                                    "period": "09.06.2020T15:00/1h",
                                    "rate": 41.61
                                },
                                {
                                    "@type": "pricePlan",
                                    "currency": "EUR",
                                    "period": "09.06.2020T16:00/1h",
                                    "rate": 45.21
                                },
                                {
                                    "@type": "pricePlan",
                                    "currency": "EUR",
                                    "period": "09.06.2020T17:00/1h",
                                    "rate": 48.07
                                },
                                {
                                    "@type": "pricePlan",
                                    "currency": "EUR",
                                    "period": "09.06.2020T18:00/1h",
                                    "rate": 42.06
                                },
                                {
                                    "@type": "pricePlan",
                                    "currency": "EUR",
                                    "period": "09.06.2020T19:00/1h",
                                    "rate": 36.57
                                },
                                {
                                    "@type": "pricePlan",
                                    "currency": "EUR",
                                    "period": "09.06.2020T20:00/1h",
                                    "rate": 18.97
                                },
                                {
                                    "@type": "pricePlan",
                                    "currency": "EUR",
                                    "period": "09.06.2020T21:00/1h",
                                    "rate": 8.38
                                }
                            ]
                        }
                    ]
                }
            },
            "required": [
                "forecasts"
            ]
        },
        "signature": {
            "type": "object",
            "properties": {
                "type": {
                    "type": "string",
                    "default": "RsaSignature2018"
                },
                "created": {
                    "type": "string",
                    "default": "2020-09-03T06:06:00+00:00"
                },
                "creator": {
                    "type": "string",
                    "default": "http://localhost:8080/entsoe/translator/v1/public.key"
                },
                "signatureValue": {
                    "type": "string",
                    "default": "yf9HgMOHBENrfTZZhVCxKgxqfhy46vvjQI+3KcwBublW8O9sYWoSBSUNscWFe7jhdK6YZJsiISz7P8PPAt/unMjeg1O/7Du7K2MVv/XcaquNVaXpN/TxMJl/WwV6aboF1oBQSxCmKuKJGSzQMDBo+ezsQXaMpeZWHV6rUk4Hqn1IHNQluK+wuEmbVq+EYWTDdfCnPbpe15vft9G6Gqo8JHWtrjYzVGewnx+fqgxm3QI4zfM3Cfq8GeeohK5tZ9JsAOsU6YzVfhAP/Wvp8RiAB5JgBeNQan3zDibCCFoi223/iR4m6Ml/WRRcIEvu+vtlj3Eazf82z5nlhXJUWqjCUJBEl7BFMp92tmYBHY+ermDuyqvzHmCwXG6BgKgkNkwh166DGEf52dATXd+kDEUTGclpqjC32zvDBNazgbyvO9TZHqvL0jQIpC3uWjrmG9Q+/PKAevqxBydRpRigZ0pFklF8AVzw1gVP30oZAyXQK+rCLuCWfvpDC7nt2BQKW2xFvHkjglawg0dL/CkUmc88bI0bz5rMs6fHhHGXzthraftMbDnVN0qUIwNUY9ZoyS4eG7SLe3Xiv3mN6ukzPY/CYKkINIkEP/AU0Y+xynliJAmyc4m5mEaMHcfw6vOLdK9IoHk9xWG66r/9X+1Q2cUlBHz0sai9MT7p0BfrqrFjpVE="
                }
            },
            "required": [
                "created",
                "creator",
                "signatureValue",
                "type"
            ]
        }
    },
    "required": [
        "@context",
        "data",
        "signature"
    ]
}</msg>
<status status="PASS" starttime="20200903 09:06:00.831" endtime="20200903 09:06:00.846"></status>
</kw>
<status status="PASS" starttime="20200903 09:06:00.447" endtime="20200903 09:06:00.847"></status>
</kw>
<kw name="Integer" library="REST">
<tags>
<tag>assertions</tag>
</tags>
<doc>*Asserts the field as JSON integer.*</doc>
<arguments>
<arg>response status</arg>
<arg>200</arg>
</arguments>
<status status="PASS" starttime="20200903 09:06:00.847" endtime="20200903 09:06:00.847"></status>
</kw>
<kw name="String" library="REST">
<tags>
<tag>assertions</tag>
</tags>
<doc>*Asserts the field as JSON string.*</doc>
<arguments>
<arg>response body @context</arg>
<arg>https://standards.oftrust.net/v2/Context/DataProductOutput/Forecast/Price/Electricity/</arg>
</arguments>
<status status="PASS" starttime="20200903 09:06:00.847" endtime="20200903 09:06:00.848"></status>
</kw>
<kw name="Object" library="REST">
<tags>
<tag>assertions</tag>
</tags>
<doc>*Asserts the field as JSON object.*</doc>
<arguments>
<arg>response body data</arg>
</arguments>
<status status="PASS" starttime="20200903 09:06:00.848" endtime="20200903 09:06:00.850"></status>
</kw>
<kw name="Array" library="REST">
<tags>
<tag>assertions</tag>
</tags>
<doc>*Asserts the field as JSON array.*</doc>
<arguments>
<arg>response body data forecasts</arg>
</arguments>
<status status="PASS" starttime="20200903 09:06:00.851" endtime="20200903 09:06:00.853"></status>
</kw>
<kw name="String" library="REST">
<tags>
<tag>assertions</tag>
</tags>
<doc>*Asserts the field as JSON string.*</doc>
<arguments>
<arg>response body data forecasts 0 @type</arg>
<arg>ForecastElectricityPriceMWH</arg>
</arguments>
<status status="PASS" starttime="20200903 09:06:00.853" endtime="20200903 09:06:00.854"></status>
</kw>
<kw name="String" library="REST">
<tags>
<tag>assertions</tag>
</tags>
<doc>*Asserts the field as JSON string.*</doc>
<arguments>
<arg>response body data forecasts 0 period</arg>
<arg>07.06.2020/09.06.2020</arg>
</arguments>
<status status="PASS" starttime="20200903 09:06:00.854" endtime="20200903 09:06:00.854"></status>
</kw>
<kw name="Array" library="REST">
<tags>
<tag>assertions</tag>
</tags>
<doc>*Asserts the field as JSON array.*</doc>
<arguments>
<arg>response body data forecasts 0 pricePlans</arg>
</arguments>
<status status="PASS" starttime="20200903 09:06:00.855" endtime="20200903 09:06:00.857"></status>
</kw>
<kw name="Object" library="REST">
<tags>
<tag>assertions</tag>
</tags>
<doc>*Asserts the field as JSON object.*</doc>
<arguments>
<arg>response body data forecasts 0 pricePlans 0</arg>
<arg>{"@type": "pricePlan","currency": "EUR","period": "07.06.2020T22:00/1h","rate": 3.68}</arg>
</arguments>
<status status="PASS" starttime="20200903 09:06:00.857" endtime="20200903 09:06:00.858"></status>
</kw>
<kw name="String" library="REST">
<tags>
<tag>assertions</tag>
</tags>
<doc>*Asserts the field as JSON string.*</doc>
<arguments>
<arg>response body data forecasts 0 pricePlans 0 @type</arg>
<arg>pricePlan</arg>
</arguments>
<status status="PASS" starttime="20200903 09:06:00.858" endtime="20200903 09:06:00.859"></status>
</kw>
<kw name="String" library="REST">
<tags>
<tag>assertions</tag>
</tags>
<doc>*Asserts the field as JSON string.*</doc>
<arguments>
<arg>response body data forecasts 0 pricePlans 0 currency</arg>
<arg>EUR</arg>
</arguments>
<status status="PASS" starttime="20200903 09:06:00.859" endtime="20200903 09:06:00.860"></status>
</kw>
<kw name="String" library="REST">
<tags>
<tag>assertions</tag>
</tags>
<doc>*Asserts the field as JSON string.*</doc>
<arguments>
<arg>response body data forecasts 0 pricePlans 0 period</arg>
<arg>07.06.2020T22:00/1h</arg>
</arguments>
<status status="PASS" starttime="20200903 09:06:00.860" endtime="20200903 09:06:00.861"></status>
</kw>
<kw name="Number" library="REST">
<tags>
<tag>assertions</tag>
</tags>
<doc>*Asserts the field as JSON number.*</doc>
<arguments>
<arg>response body data forecasts 0 pricePlans 0 rate</arg>
<arg>3.68</arg>
</arguments>
<status status="PASS" starttime="20200903 09:06:00.861" endtime="20200903 09:06:00.862"></status>
</kw>
<status status="PASS" starttime="20200903 09:06:00.430" endtime="20200903 09:06:00.862" critical="yes"></status>
</test>
<test id="s1-t6" name="fetch, 200, period is array">
<kw name="Get Body">
<assign>
<var>${body}</var>
</assign>
<kw name="Copy Dictionary" library="Collections">
<doc>Returns a copy of the given dictionary.</doc>
<arguments>
<arg>${BROKER_BODY}</arg>
<arg>deepcopy=True</arg>
</arguments>
<assign>
<var>${body}</var>
</assign>
<msg timestamp="20200903 09:06:00.863" level="INFO">${body} = {'timestamp': '2018-11-01T12:00:00+00:00', 'productCode': 'entsoe-electricity-price-product-code', 'parameters': {'period': '2020-06-08T13:00Z/2020-06-09T22:00Z', 'targetObject': '10YFI-1--------U'}}</msg>
<status status="PASS" starttime="20200903 09:06:00.863" endtime="20200903 09:06:00.863"></status>
</kw>
<kw name="Get Current Date" library="DateTime">
[...]
                                },
                                {
                                    "@type": "pricePlan",
                                    "currency": "EUR",
                                    "period": "08.06.2020T01:00/1h",
                                    "rate": 3.15
                                },
                                {
                                    "@type": "pricePlan",
                                    "currency": "EUR",
                                    "period": "08.06.2020T02:00/1h",
                                    "rate": 4.58
                                },
                                {
                                    "@type": "pricePlan",
                                    "currency": "EUR",
                                    "period": "08.06.2020T03:00/1h",
                                    "rate": 7.06
                                },
                                {
                                    "@type": "pricePlan",
                                    "currency": "EUR",
                                    "period": "08.06.2020T04:00/1h",
                                    "rate": 32.65
                                },
                                {
                                    "@type": "pricePlan",
                                    "currency": "EUR",
                                    "period": "08.06.2020T05:00/1h",
                                    "rate": 42.95
                                },
                                {
                                    "@type": "pricePlan",
                                    "currency": "EUR",
                                    "period": "08.06.2020T06:00/1h",
                                    "rate": 41.24
                                },
                                {
                                    "@type": "pricePlan",
                                    "currency": "EUR",
                                    "period": "08.06.2020T07:00/1h",
                                    "rate": 38.9
                                },
                                {
                                    "@type": "pricePlan",
                                    "currency": "EUR",
                                    "period": "08.06.2020T08:00/1h",
                                    "rate": 35.1
                                },
                                {
                                    "@type": "pricePlan",
                                    "currency": "EUR",
                                    "period": "08.06.2020T09:00/1h",
                                    "rate": 35.86
                                },
                                {
                                    "@type": "pricePlan",
                                    "currency": "EUR",
                                    "period": "08.06.2020T10:00/1h",
                                    "rate": 33.81
                                },
                                {
                                    "@type": "pricePlan",
                                    "currency": "EUR",
                                    "period": "08.06.2020T11:00/1h",
                                    "rate": 32.72
                                },
                                {
                                    "@type": "pricePlan",
                                    "currency": "EUR",
                                    "period": "08.06.2020T12:00/1h",
                                    "rate": 30.94
                                },
                                {
                                    "@type": "pricePlan",
                                    "currency": "EUR",
                                    "period": "08.06.2020T13:00/1h",
                                    "rate": 30
                                },
                                {
                                    "@type": "pricePlan",
                                    "currency": "EUR",
                                    "period": "08.06.2020T14:00/1h",
                                    "rate": 29.42
                                },
                                {
                                    "@type": "pricePlan",
                                    "currency": "EUR",
                                    "period": "08.06.2020T15:00/1h",
                                    "rate": 33.31
                                },
                                {
                                    "@type": "pricePlan",
                                    "currency": "EUR",
                                    "period": "08.06.2020T16:00/1h",
                                    "rate": 38.85
                                },
                                {
                                    "@type": "pricePlan",
                                    "currency": "EUR",
                                    "period": "08.06.2020T17:00/1h",
                                    "rate": 38.65
                                },
                                {
                                    "@type": "pricePlan",
                                    "currency": "EUR",
                                    "period": "08.06.2020T18:00/1h",
                                    "rate": 35.23
                                },
                                {
                                    "@type": "pricePlan",
                                    "currency": "EUR",
                                    "period": "08.06.2020T19:00/1h",
                                    "rate": 34.6
                                },
                                {
                                    "@type": "pricePlan",
                                    "currency": "EUR",
                                    "period": "08.06.2020T20:00/1h",
                                    "rate": 32.26
                                },
                                {
                                    "@type": "pricePlan",
                                    "currency": "EUR",
                                    "period": "08.06.2020T21:00/1h",
                                    "rate": 11.04
                                },
                                {
                                    "@type": "pricePlan",
                                    "currency": "EUR",
                                    "period": "08.06.2020T22:00/1h",
                                    "rate": 5.33
                                },
                                {
                                    "@type": "pricePlan",
                                    "currency": "EUR",
                                    "period": "08.06.2020T23:00/1h",
                                    "rate": 3.81
                                },
                                {
                                    "@type": "pricePlan",
                                    "currency": "EUR",
                                    "period": "09.06.2020T00:00/1h",
                                    "rate": 3.34
                                },
                                {
                                    "@type": "pricePlan",
                                    "currency": "EUR",
                                    "period": "09.06.2020T01:00/1h",
                                    "rate": 3.11
                                },
                                {
                                    "@type": "pricePlan",
                                    "currency": "EUR",
                                    "period": "09.06.2020T02:00/1h",
                                    "rate": 3.64
                                },
                                {
                                    "@type": "pricePlan",
                                    "currency": "EUR",
                                    "period": "09.06.2020T03:00/1h",
                                    "rate": 7.21
                                },
                                {
                                    "@type": "pricePlan",
                                    "currency": "EUR",
                                    "period": "09.06.2020T04:00/1h",
                                    "rate": 33.43
                                },
                                {
                                    "@type": "pricePlan",
                                    "currency": "EUR",
                                    "period": "09.06.2020T05:00/1h",
                                    "rate": 47.74
                                },
                                {
                                    "@type": "pricePlan",
                                    "currency": "EUR",
                                    "period": "09.06.2020T06:00/1h",
                                    "rate": 55.78
                                },
                                {
                                    "@type": "pricePlan",
                                    "currency": "EUR",
                                    "period": "09.06.2020T07:00/1h",
                                    "rate": 55.67
                                },
                                {
                                    "@type": "pricePlan",
                                    "currency": "EUR",
                                    "period": "09.06.2020T08:00/1h",
                                    "rate": 54.6
                                },
                                {
                                    "@type": "pricePlan",
                                    "currency": "EUR",
                                    "period": "09.06.2020T09:00/1h",
                                    "rate": 55.23
                                },
                                {
                                    "@type": "pricePlan",
                                    "currency": "EUR",
                                    "period": "09.06.2020T10:00/1h",
                                    "rate": 55.27
                                },
                                {
                                    "@type": "pricePlan",
                                    "currency": "EUR",
                                    "period": "09.06.2020T11:00/1h",
                                    "rate": 40.07
                                },
                                {
                                    "@type": "pricePlan",
                                    "currency": "EUR",
                                    "period": "09.06.2020T12:00/1h",
                                    "rate": 36.39
                                },
                                {
                                    "@type": "pricePlan",
                                    "currency": "EUR",
                                    "period": "09.06.2020T13:00/1h",
                                    "rate": 33.49
                                },
                                {
                                    "@type": "pricePlan",
                                    "currency": "EUR",
                                    "period": "09.06.2020T14:00/1h",
                                    "rate": 33.76
                                },
                                {
                                    "@type": "pricePlan",
                                    "currency": "EUR",
                                    "period": "09.06.2020T15:00/1h",
                                    "rate": 41.61
                                },
                                {
                                    "@type": "pricePlan",
                                    "currency": "EUR",
                                    "period": "09.06.2020T16:00/1h",
                                    "rate": 45.21
                                },
                                {
                                    "@type": "pricePlan",
                                    "currency": "EUR",
                                    "period": "09.06.2020T17:00/1h",
                                    "rate": 48.07
                                },
                                {
                                    "@type": "pricePlan",
                                    "currency": "EUR",
                                    "period": "09.06.2020T18:00/1h",
                                    "rate": 42.06
                                },
                                {
                                    "@type": "pricePlan",
                                    "currency": "EUR",
                                    "period": "09.06.2020T19:00/1h",
                                    "rate": 36.57
                                },
                                {
                                    "@type": "pricePlan",
                                    "currency": "EUR",
                                    "period": "09.06.2020T20:00/1h",
                                    "rate": 18.97
                                },
                                {
                                    "@type": "pricePlan",
                                    "currency": "EUR",
                                    "period": "09.06.2020T21:00/1h",
                                    "rate": 8.38
                                }
                            ]
                        }
                    ]
                }
            },
            "required": [
                "forecasts"
            ]
        },
        "signature": {
            "type": "object",
            "properties": {
                "type": {
                    "type": "string",
                    "default": "RsaSignature2018"
                },
                "created": {
                    "type": "string",
                    "default": "2020-09-03T06:06:01+00:00"
                },
                "creator": {
                    "type": "string",
                    "default": "http://localhost:8080/entsoe/translator/v1/public.key"
                },
                "signatureValue": {
                    "type": "string",
                    "default": "ANjH+KHr/B8geLFRPt1Lg0jg+DzqxZxiqllj/suvVOD86jzlQsFWeyyGxGbD3NYfUWv9d/G3HHPzV0LBPV2U3+FVE0n0ElBH0TJUEduKNV9KzHxBQSw9rYHc7En92mahgIP28xE0vS8UD5D2hcjpADJgOBa+7X8h/MeKUWTctIe1vHSw9Ogweeh8Gp9r2/U02xOhgqPM6bcfKG5k//KxHvrPcKL767afv7T8Z2oKndFGzrD/Y6vtHcYr2W8rgMfyVgONgmrWEUSbs8rs376L/Fn6MFQNqzl0GeWe40SBApZZ5TrwvLMSbqaB6kVt/32gtDXSlF449DTC1ijKoszLzPm1Dagj6HDaMZrt9r8cXANqFB7s7gfKAJhWb9g7Uk64saUFNyOVdTkdfUc4vf9wIyu7jMjDBXxDjrNijNYCSW5BIBOvf9DScOYM8SfdsAmmbAOsFZdcy5sPP7O8jzYT5jn5Ulvhq8nL1Lh3dAZTA5O3O6FFlMb5C9vo2n2BMmltuRBvPvUXfb0HUetr7uijvGMFEGNldFyCruWNstHkvT0PRBrBcH+hJ3XD25Efsg5fSp1Uw4EuFaaqQs8WKPBeLtQjCfH1ORJICLSylXgvpBMZCjktIVpy6P71Ce8OZVE4mtmJBVMzP0PC6nnForz805wNVm3MY0/y58FSN2tI8Ak="
                }
            },
            "required": [
                "created",
                "creator",
                "signatureValue",
                "type"
            ]
        }
    },
    "required": [
        "@context",
        "data",
        "signature"
    ]
}</msg>
<status status="PASS" starttime="20200903 09:06:01.394" endtime="20200903 09:06:01.405"></status>
</kw>
<status status="PASS" starttime="20200903 09:06:00.866" endtime="20200903 09:06:01.405"></status>
</kw>
<kw name="Integer" library="REST">
<tags>
<tag>assertions</tag>
</tags>
<doc>*Asserts the field as JSON integer.*</doc>
<arguments>
<arg>response status</arg>
<arg>200</arg>
</arguments>
<status status="PASS" starttime="20200903 09:06:01.405" endtime="20200903 09:06:01.406"></status>
</kw>
<kw name="String" library="REST">
<tags>
<tag>assertions</tag>
</tags>
<doc>*Asserts the field as JSON string.*</doc>
<arguments>
<arg>response body @context</arg>
<arg>https://standards.oftrust.net/v2/Context/DataProductOutput/Forecast/Price/Electricity/</arg>
</arguments>
<status status="PASS" starttime="20200903 09:06:01.406" endtime="20200903 09:06:01.406"></status>
</kw>
<kw name="Object" library="REST">
<tags>
<tag>assertions</tag>
</tags>
<doc>*Asserts the field as JSON object.*</doc>
<arguments>
<arg>response body data</arg>
</arguments>
<status status="PASS" starttime="20200903 09:06:01.406" endtime="20200903 09:06:01.409"></status>
</kw>
<kw name="Array" library="REST">
<tags>
<tag>assertions</tag>
</tags>
<doc>*Asserts the field as JSON array.*</doc>
<arguments>
<arg>response body data forecasts</arg>
</arguments>
<status status="PASS" starttime="20200903 09:06:01.409" endtime="20200903 09:06:01.411"></status>
</kw>
<kw name="String" library="REST">
<tags>
<tag>assertions</tag>
</tags>
<doc>*Asserts the field as JSON string.*</doc>
<arguments>
<arg>response body data forecasts 0 @type</arg>
<arg>ForecastElectricityPriceMWH</arg>
</arguments>
<status status="PASS" starttime="20200903 09:06:01.411" endtime="20200903 09:06:01.412"></status>
</kw>
<kw name="String" library="REST">
<tags>
<tag>assertions</tag>
</tags>
<doc>*Asserts the field as JSON string.*</doc>
<arguments>
<arg>response body data forecasts 0 period</arg>
<arg>07.06.2020/09.06.2020</arg>
</arguments>
<status status="PASS" starttime="20200903 09:06:01.412" endtime="20200903 09:06:01.413"></status>
</kw>
<kw name="Array" library="REST">
<tags>
<tag>assertions</tag>
</tags>
<doc>*Asserts the field as JSON array.*</doc>
<arguments>
<arg>response body data forecasts 0 pricePlans</arg>
</arguments>
<status status="PASS" starttime="20200903 09:06:01.413" endtime="20200903 09:06:01.415"></status>
</kw>
<kw name="Object" library="REST">
<tags>
<tag>assertions</tag>
</tags>
<doc>*Asserts the field as JSON object.*</doc>
<arguments>
<arg>response body data forecasts 0 pricePlans 0</arg>
<arg>{"@type": "pricePlan","currency": "EUR","period": "07.06.2020T22:00/1h","rate": 3.68}</arg>
</arguments>
<status status="PASS" starttime="20200903 09:06:01.416" endtime="20200903 09:06:01.417"></status>
</kw>
<kw name="String" library="REST">
<tags>
<tag>assertions</tag>
</tags>
<doc>*Asserts the field as JSON string.*</doc>
<arguments>
<arg>response body data forecasts 0 pricePlans 0 @type</arg>
<arg>pricePlan</arg>
</arguments>
<status status="PASS" starttime="20200903 09:06:01.417" endtime="20200903 09:06:01.418"></status>
</kw>
<kw name="String" library="REST">
<tags>
<tag>assertions</tag>
</tags>
<doc>*Asserts the field as JSON string.*</doc>
<arguments>
<arg>response body data forecasts 0 pricePlans 0 currency</arg>
<arg>EUR</arg>
</arguments>
<status status="PASS" starttime="20200903 09:06:01.418" endtime="20200903 09:06:01.419"></status>
</kw>
<kw name="String" library="REST">
<tags>
<tag>assertions</tag>
</tags>
<doc>*Asserts the field as JSON string.*</doc>
<arguments>
<arg>response body data forecasts 0 pricePlans 0 period</arg>
<arg>07.06.2020T22:00/1h</arg>
</arguments>
<status status="PASS" starttime="20200903 09:06:01.419" endtime="20200903 09:06:01.420"></status>
</kw>
<kw name="Number" library="REST">
<tags>
<tag>assertions</tag>
</tags>
<doc>*Asserts the field as JSON number.*</doc>
<arguments>
<arg>response body data forecasts 0 pricePlans 0 rate</arg>
<arg>3.68</arg>
</arguments>
<status status="PASS" starttime="20200903 09:06:01.420" endtime="20200903 09:06:01.421"></status>
</kw>
<status status="PASS" starttime="20200903 09:06:00.862" endtime="20200903 09:06:01.421" critical="yes"></status>
</test>
<status status="PASS" starttime="20200903 09:05:59.489" endtime="20200903 09:06:01.421"></status>
</suite>
<statistics>
<total>
<stat pass="6" fail="0">Critical Tests</stat>
<stat pass="6" fail="0">All Tests</stat>
</total>
<tag>
</tag>
<suite>
<stat pass="6" fail="0" id="s1" name="Connector Tests">Connector Tests</stat>
</suite>
</statistics>
<errors>
</errors>
</robot>
