<?xml version="1.0" encoding="UTF-8"?>
<robot generator="Robot 3.1.2 (Python 3.8.5 on darwin)" generated="20200922 21:10:40.718" rpa="false">
<suite id="s1" name="Connector Tests" source="/Users/konstantinkomovits/PoT/connector-entsoe/robottests/connector_tests.robot">
<test id="s1-t1" name="fetch, 200">
<kw name="Get Body">
<assign>
<var>${body}</var>
</assign>
<kw name="Copy Dictionary" library="Collections">
<doc>Returns a copy of the given dictionary.</doc>
<arguments>
<arg>${BROKER_BODY}</arg>
<arg>deepcopy=True</arg>
</arguments>
<assign>
<var>${body}</var>
</assign>
<msg timestamp="20200922 21:10:41.107" level="INFO">${body} = {'timestamp': '2018-11-01T12:00:00+00:00', 'productCode': 'entsoe-electricity-price-product-code', 'parameters': {'period': '2020-06-08T13:00Z/2020-06-09T22:00Z', 'targetObject': '10YFI-1--------U'}}</msg>
<status status="PASS" starttime="20200922 21:10:41.106" endtime="20200922 21:10:41.107"></status>
</kw>
<kw name="Get Current Date" library="DateTime">
<doc>Returns current local or UTC time with an optional increment.</doc>
<arguments>
<arg>time_zone=UTC</arg>
<arg>result_format=%Y-%m-%dT%H:%M:%S+00:00</arg>
</arguments>
<assign>
<var>${now}</var>
</assign>
<msg timestamp="20200922 21:10:41.107" level="INFO">${now} = 2020-09-22T18:10:41+00:00</msg>
<status status="PASS" starttime="20200922 21:10:41.107" endtime="20200922 21:10:41.107"></status>
</kw>
<kw name="Set To Dictionary" library="Collections">
<doc>Adds the given ``key_value_pairs`` and ``items`` to the ``dictionary``.</doc>
<arguments>
<arg>${body}</arg>
<arg>timestamp</arg>
<arg>${now}</arg>
</arguments>
<status status="PASS" starttime="20200922 21:10:41.107" endtime="20200922 21:10:41.107"></status>
</kw>
<kw name="Set To Dictionary" library="Collections">
<doc>Adds the given ``key_value_pairs`` and ``items`` to the ``dictionary``.</doc>
<arguments>
<arg>${body}</arg>
<arg>&amp;{kwargs}</arg>
</arguments>
<status status="PASS" starttime="20200922 21:10:41.108" endtime="20200922 21:10:41.108"></status>
</kw>
<kw name="Evaluate" library="BuiltIn">
<doc>Evaluates the given expression in Python and returns the results.</doc>
<arguments>
<arg>json.dumps(${body})</arg>
<arg>json</arg>
</arguments>
<assign>
<var>${json_string}</var>
</assign>
<msg timestamp="20200922 21:10:41.108" level="INFO">${json_string} = {"timestamp": "2020-09-22T18:10:41+00:00", "productCode": "entsoe-electricity-price-product-code", "parameters": {"period": "2020-06-08T13:00Z/2020-06-09T22:00Z", "targetObject": "10YFI-1--------U"}}</msg>
<status status="PASS" starttime="20200922 21:10:41.108" endtime="20200922 21:10:41.108"></status>
</kw>
<msg timestamp="20200922 21:10:41.108" level="INFO">${body} = {"timestamp": "2020-09-22T18:10:41+00:00", "productCode": "entsoe-electricity-price-product-code", "parameters": {"period": "2020-06-08T13:00Z/2020-06-09T22:00Z", "targetObject": "10YFI-1--------U"}}</msg>
<status status="PASS" starttime="20200922 21:10:41.106" endtime="20200922 21:10:41.108"></status>
</kw>
<kw name="Fetch Data Product">
<arguments>
<arg>${body}</arg>
</arguments>
<kw name="Calculate Pot Signature" library="PoTLib">
<arguments>
<arg>${body}</arg>
<arg>${CLIENT_SECRET}</arg>
</arguments>
<assign>
<var>${signature}</var>
</assign>
<msg timestamp="20200922 21:10:41.109" level="INFO">p8A42sEChx3cOkoI8LYdpv2YufHy7f/HM52Gou/fFg8=</msg>
<msg timestamp="20200922 21:10:41.109" level="INFO">${signature} = p8A42sEChx3cOkoI8LYdpv2YufHy7f/HM52Gou/fFg8=</msg>
<status status="PASS" starttime="20200922 21:10:41.109" endtime="20200922 21:10:41.109"></status>
</kw>
<kw name="Set Headers" library="REST">
<tags>
<tag>settings</tag>
</tags>
<doc>*Sets new request headers or updates the existing.*</doc>
<arguments>
<arg>{"x-pot-signature": "${signature}", "x-app-token": "${APP_TOKEN}"}</arg>
</arguments>
<status status="PASS" starttime="20200922 21:10:41.109" endtime="20200922 21:10:41.110"></status>
</kw>
<kw name="Post" library="REST">
<tags>
<tag>http</tag>
</tags>
<doc>*Sends a POST request to the endpoint.*</doc>
<arguments>
<arg>/translator/v1/fetch</arg>
<arg>${body}</arg>
</arguments>
<status status="PASS" starttime="20200922 21:10:41.110" endtime="20200922 21:10:41.498"></status>
</kw>
<status status="PASS" starttime="20200922 21:10:41.108" endtime="20200922 21:10:41.498"></status>
</kw>
<kw name="Integer" library="REST">
<tags>
<tag>assertions</tag>
</tags>
<doc>*Asserts the field as JSON integer.*</doc>
<arguments>
<arg>response status</arg>
<arg>200</arg>
</arguments>
<status status="PASS" starttime="20200922 21:10:41.498" endtime="20200922 21:10:41.499"></status>
</kw>
<kw name="String" library="REST">
<tags>
<tag>assertions</tag>
</tags>
<doc>*Asserts the field as JSON string.*</doc>
<arguments>
<arg>response body @context</arg>
<arg>https://standards.oftrust.net/v2/Context/DataProductOutput/Forecast/Price/Electricity/</arg>
</arguments>
<status status="PASS" starttime="20200922 21:10:41.499" endtime="20200922 21:10:41.500"></status>
</kw>
<kw name="Object" library="REST">
<tags>
<tag>assertions</tag>
</tags>
<doc>*Asserts the field as JSON object.*</doc>
<arguments>
<arg>response body data</arg>
</arguments>
<status status="PASS" starttime="20200922 21:10:41.500" endtime="20200922 21:10:41.502"></status>
</kw>
<kw name="Array" library="REST">
<tags>
<tag>assertions</tag>
</tags>
<doc>*Asserts the field as JSON array.*</doc>
<arguments>
<arg>response body data forecasts</arg>
</arguments>
<status status="PASS" starttime="20200922 21:10:41.502" endtime="20200922 21:10:41.504"></status>
</kw>
<kw name="String" library="REST">
<tags>
<tag>assertions</tag>
</tags>
<doc>*Asserts the field as JSON string.*</doc>
<arguments>
<arg>response body data forecasts 0 @type</arg>
<arg>ForecastElectricityPriceMWH</arg>
</arguments>
<status status="PASS" starttime="20200922 21:10:41.504" endtime="20200922 21:10:41.505"></status>
</kw>
<kw name="String" library="REST">
<tags>
<tag>assertions</tag>
</tags>
<doc>*Asserts the field as JSON string.*</doc>
<arguments>
<arg>response body data forecasts 0 period</arg>
<arg>07.06.2020/09.06.2020</arg>
</arguments>
<status status="PASS" starttime="20200922 21:10:41.505" endtime="20200922 21:10:41.506"></status>
</kw>
<kw name="Array" library="REST">
<tags>
<tag>assertions</tag>
</tags>
<doc>*Asserts the field as JSON array.*</doc>
<arguments>
<arg>response body data forecasts 0 pricePlans</arg>
</arguments>
<status status="PASS" starttime="20200922 21:10:41.506" endtime="20200922 21:10:41.508"></status>
</kw>
<kw name="Object" library="REST">
<tags>
<tag>assertions</tag>
</tags>
<doc>*Asserts the field as JSON object.*</doc>
<arguments>
<arg>response body data forecasts 0 pricePlans 0</arg>
<arg>{"@type": "pricePlan","currency": "EUR","period": "07.06.2020T22:00/1h","rate": 3.68}</arg>
</arguments>
<status status="PASS" starttime="20200922 21:10:41.508" endtime="20200922 21:10:41.510"></status>
</kw>
<kw name="String" library="REST">
<tags>
<tag>assertions</tag>
</tags>
<doc>*Asserts the field as JSON string.*</doc>
<arguments>
<arg>response body data forecasts 0 pricePlans 0 @type</arg>
<arg>pricePlan</arg>
</arguments>
<status status="PASS" starttime="20200922 21:10:41.510" endtime="20200922 21:10:41.510"></status>
</kw>
<kw name="String" library="REST">
<tags>
<tag>assertions</tag>
</tags>
<doc>*Asserts the field as JSON string.*</doc>
<arguments>
<arg>response body data forecasts 0 pricePlans 0 currency</arg>
<arg>EUR</arg>
</arguments>
<status status="PASS" starttime="20200922 21:10:41.511" endtime="20200922 21:10:41.511"></status>
</kw>
<kw name="String" library="REST">
<tags>
<tag>assertions</tag>
</tags>
<doc>*Asserts the field as JSON string.*</doc>
<arguments>
<arg>response body data forecasts 0 pricePlans 0 period</arg>
<arg>07.06.2020T22:00/1h</arg>
</arguments>
<status status="PASS" starttime="20200922 21:10:41.512" endtime="20200922 21:10:41.512"></status>
</kw>
<kw name="Number" library="REST">
<tags>
<tag>assertions</tag>
</tags>
<doc>*Asserts the field as JSON number.*</doc>
<arguments>
<arg>response body data forecasts 0 pricePlans 0 rate</arg>
<arg>3.68</arg>
</arguments>
<status status="PASS" starttime="20200922 21:10:41.513" endtime="20200922 21:10:41.513"></status>
</kw>
<status status="PASS" starttime="20200922 21:10:41.105" endtime="20200922 21:10:41.514" critical="yes"></status>
</test>
<test id="s1-t2" name="fetch, 422, Missing data for parameters required field">
<kw name="Get Body">
<assign>
<var>${body}</var>
</assign>
<kw name="Copy Dictionary" library="Collections">
<doc>Returns a copy of the given dictionary.</doc>
<arguments>
<arg>${BROKER_BODY}</arg>
<arg>deepcopy=True</arg>
</arguments>
<assign>
<var>${body}</var>
</assign>
<msg timestamp="20200922 21:10:41.516" level="INFO">${body} = {'timestamp': '2018-11-01T12:00:00+00:00', 'productCode': 'entsoe-electricity-price-product-code', 'parameters': {'period': '2020-06-08T13:00Z/2020-06-09T22:00Z', 'targetObject': '10YFI-1--------U'}}</msg>
<status status="PASS" starttime="20200922 21:10:41.515" endtime="20200922 21:10:41.516"></status>
</kw>
<kw name="Get Current Date" library="DateTime">
<doc>Returns current local or UTC time with an optional increment.</doc>
<arguments>
<arg>time_zone=UTC</arg>
<arg>result_format=%Y-%m-%dT%H:%M:%S+00:00</arg>
</arguments>
<assign>
<var>${now}</var>
</assign>
<msg timestamp="20200922 21:10:41.516" level="INFO">${now} = 2020-09-22T18:10:41+00:00</msg>
<status status="PASS" starttime="20200922 21:10:41.516" endtime="20200922 21:10:41.516"></status>
</kw>
<kw name="Set To Dictionary" library="Collections">
<doc>Adds the given ``key_value_pairs`` and ``items`` to the ``dictionary``.</doc>
<arguments>
<arg>${body}</arg>
<arg>timestamp</arg>
<arg>${now}</arg>
</arguments>
<status status="PASS" starttime="20200922 21:10:41.516" endtime="20200922 21:10:41.516"></status>
</kw>
<kw name="Set To Dictionary" library="Collections">
<doc>Adds the given ``key_value_pairs`` and ``items`` to the ``dictionary``.</doc>
<arguments>
<arg>${body}</arg>
<arg>&amp;{kwargs}</arg>
</arguments>
<status status="PASS" starttime="20200922 21:10:41.516" endtime="20200922 21:10:41.517"></status>
</kw>
<kw name="Evaluate" library="BuiltIn">
<doc>Evaluates the given expression in Python and returns the results.</doc>
<arguments>
<arg>json.dumps(${body})</arg>
<arg>json</arg>
</arguments>
<assign>
<var>${json_string}</var>
</assign>
<msg timestamp="20200922 21:10:41.517" level="INFO">${json_string} = {"timestamp": "2020-09-22T18:10:41+00:00", "productCode": "entsoe-electricity-price-product-code", "parameters": {"period": "2020-06-08T13:00Z/2020-06-09T22:00Z", "targetObject": "10YFI-1--------U"}}</msg>
<status status="PASS" starttime="20200922 21:10:41.517" endtime="20200922 21:10:41.517"></status>
</kw>
<msg timestamp="20200922 21:10:41.518" level="INFO">${body} = {"timestamp": "2020-09-22T18:10:41+00:00", "productCode": "entsoe-electricity-price-product-code", "parameters": {"period": "2020-06-08T13:00Z/2020-06-09T22:00Z", "targetObject": "10YFI-1--------U"}}</msg>
<status status="PASS" starttime="20200922 21:10:41.515" endtime="20200922 21:10:41.518"></status>
</kw>
<kw name="Evaluate" library="BuiltIn">
<doc>Evaluates the given expression in Python and returns the results.</doc>
<arguments>
<arg>json.loads('''${body}''')</arg>
<arg>json</arg>
</arguments>
<assign>
<var>${body}</var>
</assign>
<msg timestamp="20200922 21:10:41.518" level="INFO">${body} = {'timestamp': '2020-09-22T18:10:41+00:00', 'productCode': 'entsoe-electricity-price-product-code', 'parameters': {'period': '2020-06-08T13:00Z/2020-06-09T22:00Z', 'targetObject': '10YFI-1--------U'}}</msg>
<status status="PASS" starttime="20200922 21:10:41.518" endtime="20200922 21:10:41.518"></status>
</kw>
<kw name="Pop From Dictionary" library="Collections">
<doc>Pops the given ``key`` from the ``dictionary`` and returns its value.</doc>
<arguments>
<arg>${body}</arg>
<arg>parameters</arg>
</arguments>
<status status="PASS" starttime="20200922 21:10:41.518" endtime="20200922 21:10:41.518"></status>
</kw>
<kw name="Fetch Data Product">
<arguments>
<arg>${body}</arg>
</arguments>
<kw name="Calculate Pot Signature" library="PoTLib">
<arguments>
<arg>${body}</arg>
<arg>${CLIENT_SECRET}</arg>
</arguments>
<assign>
<var>${signature}</var>
</assign>
<msg timestamp="20200922 21:10:41.519" level="INFO">fcCBIb1M5Exww3fyvUq63mqqnt+KttW1QBkHuk0Mvto=</msg>
<msg timestamp="20200922 21:10:41.519" level="INFO">${signature} = fcCBIb1M5Exww3fyvUq63mqqnt+KttW1QBkHuk0Mvto=</msg>
<status status="PASS" starttime="20200922 21:10:41.519" endtime="20200922 21:10:41.519"></status>
</kw>
<kw name="Set Headers" library="REST">
<tags>
<tag>settings</tag>
</tags>
<doc>*Sets new request headers or updates the existing.*</doc>
<arguments>
<arg>{"x-pot-signature": "${signature}", "x-app-token": "${APP_TOKEN}"}</arg>
</arguments>
<status status="PASS" starttime="20200922 21:10:41.519" endtime="20200922 21:10:41.519"></status>
</kw>
<kw name="Post" library="REST">
<tags>
<tag>http</tag>
</tags>
<doc>*Sends a POST request to the endpoint.*</doc>
<arguments>
<arg>/translator/v1/fetch</arg>
<arg>${body}</arg>
</arguments>
<status status="PASS" starttime="20200922 21:10:41.520" endtime="20200922 21:10:41.526"></status>
</kw>
<status status="PASS" starttime="20200922 21:10:41.519" endtime="20200922 21:10:41.526"></status>
</kw>
<kw name="Integer" library="REST">
<tags>
<tag>assertions</tag>
</tags>
<doc>*Asserts the field as JSON integer.*</doc>
<arguments>
<arg>response status</arg>
<arg>422</arg>
</arguments>
<status status="PASS" starttime="20200922 21:10:41.527" endtime="20200922 21:10:41.527"></status>
</kw>
<kw name="Integer" library="REST">
<tags>
<tag>assertions</tag>
</tags>
<doc>*Asserts the field as JSON integer.*</doc>
<arguments>
<arg>response body error status</arg>
<arg>422</arg>
</arguments>
<status status="PASS" starttime="20200922 21:10:41.527" endtime="20200922 21:10:41.528"></status>
</kw>
<kw name="String" library="REST">
<tags>
<tag>assertions</tag>
</tags>
<doc>*Asserts the field as JSON string.*</doc>
<arguments>
<arg>response body error message parameters 0</arg>
<arg>Missing data for required field.</arg>
</arguments>
<status status="PASS" starttime="20200922 21:10:41.528" endtime="20200922 21:10:41.528"></status>
</kw>
<status status="PASS" starttime="20200922 21:10:41.514" endtime="20200922 21:10:41.528" critical="yes"></status>
</test>
<test id="s1-t3" name="fetch, 422, missing period field in parameters">
<kw name="Get Body">
<assign>
<var>${body}</var>
</assign>
<kw name="Copy Dictionary" library="Collections">
<doc>Returns a copy of the given dictionary.</doc>
<arguments>
<arg>${BROKER_BODY}</arg>
<arg>deepcopy=True</arg>
</arguments>
<assign>
<var>${body}</var>
</assign>
<msg timestamp="20200922 21:10:41.530" level="INFO">${body} = {'timestamp': '2018-11-01T12:00:00+00:00', 'productCode': 'entsoe-electricity-price-product-code', 'parameters': {'period': '2020-06-08T13:00Z/2020-06-09T22:00Z', 'targetObject': '10YFI-1--------U'}}</msg>
<status status="PASS" starttime="20200922 21:10:41.529" endtime="20200922 21:10:41.530"></status>
</kw>
<kw name="Get Current Date" library="DateTime">
<doc>Returns current local or UTC time with an optional increment.</doc>
<arguments>
<arg>time_zone=UTC</arg>
<arg>result_format=%Y-%m-%dT%H:%M:%S+00:00</arg>
</arguments>
<assign>
<var>${now}</var>
</assign>
<msg timestamp="20200922 21:10:41.530" level="INFO">${now} = 2020-09-22T18:10:41+00:00</msg>
<status status="PASS" starttime="20200922 21:10:41.530" endtime="20200922 21:10:41.530"></status>
</kw>
<kw name="Set To Dictionary" library="Collections">
<doc>Adds the given ``key_value_pairs`` and ``items`` to the ``dictionary``.</doc>
<arguments>
<arg>${body}</arg>
<arg>timestamp</arg>
<arg>${now}</arg>
</arguments>
<status status="PASS" starttime="20200922 21:10:41.530" endtime="20200922 21:10:41.530"></status>
</kw>
<kw name="Set To Dictionary" library="Collections">
<doc>Adds the given ``key_value_pairs`` and ``items`` to the ``dictionary``.</doc>
<arguments>
<arg>${body}</arg>
<arg>&amp;{kwargs}</arg>
</arguments>
<status status="PASS" starttime="20200922 21:10:41.530" endtime="20200922 21:10:41.530"></status>
</kw>
<kw name="Evaluate" library="BuiltIn">
<doc>Evaluates the given expression in Python and returns the results.</doc>
<arguments>
<arg>json.dumps(${body})</arg>
<arg>json</arg>
</arguments>
<assign>
<var>${json_string}</var>
</assign>
<msg timestamp="20200922 21:10:41.531" level="INFO">${json_string} = {"timestamp": "2020-09-22T18:10:41+00:00", "productCode": "entsoe-electricity-price-product-code", "parameters": {"period": "2020-06-08T13:00Z/2020-06-09T22:00Z", "targetObject": "10YFI-1--------U"}}</msg>
<status status="PASS" starttime="20200922 21:10:41.531" endtime="20200922 21:10:41.531"></status>
</kw>
<msg timestamp="20200922 21:10:41.531" level="INFO">${body} = {"timestamp": "2020-09-22T18:10:41+00:00", "productCode": "entsoe-electricity-price-product-code", "parameters": {"period": "2020-06-08T13:00Z/2020-06-09T22:00Z", "targetObject": "10YFI-1--------U"}}</msg>
<status status="PASS" starttime="20200922 21:10:41.529" endtime="20200922 21:10:41.531"></status>
</kw>
<kw name="Evaluate" library="BuiltIn">
<doc>Evaluates the given expression in Python and returns the results.</doc>
<arguments>
<arg>json.loads('''${body}''')</arg>
<arg>json</arg>
</arguments>
<assign>
<var>${body}</var>
</assign>
<msg timestamp="20200922 21:10:41.531" level="INFO">${body} = {'timestamp': '2020-09-22T18:10:41+00:00', 'productCode': 'entsoe-electricity-price-product-code', 'parameters': {'period': '2020-06-08T13:00Z/2020-06-09T22:00Z', 'targetObject': '10YFI-1--------U'}}</msg>
<status status="PASS" starttime="20200922 21:10:41.531" endtime="20200922 21:10:41.532"></status>
</kw>
<kw name="Pop From Dictionary" library="Collections">
<doc>Pops the given ``key`` from the ``dictionary`` and returns its value.</doc>
<arguments>
<arg>${body["parameters"]}</arg>
<arg>period</arg>
</arguments>
<status status="PASS" starttime="20200922 21:10:41.532" endtime="20200922 21:10:41.532"></status>
</kw>
<kw name="Fetch Data Product">
<arguments>
<arg>${body}</arg>
</arguments>
<kw name="Calculate Pot Signature" library="PoTLib">
<arguments>
<arg>${body}</arg>
<arg>${CLIENT_SECRET}</arg>
</arguments>
<assign>
<var>${signature}</var>
</assign>
<msg timestamp="20200922 21:10:41.533" level="INFO">07YUgrn8W3dgr/CFUZIpu/LiG5vg4V8uo36vdFuI8M8=</msg>
<msg timestamp="20200922 21:10:41.533" level="INFO">${signature} = 07YUgrn8W3dgr/CFUZIpu/LiG5vg4V8uo36vdFuI8M8=</msg>
<status status="PASS" starttime="20200922 21:10:41.532" endtime="20200922 21:10:41.533"></status>
</kw>
<kw name="Set Headers" library="REST">
<tags>
<tag>settings</tag>
</tags>
<doc>*Sets new request headers or updates the existing.*</doc>
<arguments>
<arg>{"x-pot-signature": "${signature}", "x-app-token": "${APP_TOKEN}"}</arg>
</arguments>
<status status="PASS" starttime="20200922 21:10:41.533" endtime="20200922 21:10:41.533"></status>
</kw>
<kw name="Post" library="REST">
<tags>
<tag>http</tag>
</tags>
<doc>*Sends a POST request to the endpoint.*</doc>
<arguments>
<arg>/translator/v1/fetch</arg>
<arg>${body}</arg>
</arguments>
<status status="PASS" starttime="20200922 21:10:41.533" endtime="20200922 21:10:41.541"></status>
</kw>
<status status="PASS" starttime="20200922 21:10:41.532" endtime="20200922 21:10:41.541"></status>
</kw>
<kw name="Integer" library="REST">
<tags>
<tag>assertions</tag>
</tags>
<doc>*Asserts the field as JSON integer.*</doc>
<arguments>
<arg>response status</arg>
<arg>422</arg>
</arguments>
<status status="PASS" starttime="20200922 21:10:41.542" endtime="20200922 21:10:41.542"></status>
</kw>
<kw name="Integer" library="REST">
<tags>
<tag>assertions</tag>
</tags>
<doc>*Asserts the field as JSON integer.*</doc>
<arguments>
<arg>response body error status</arg>
<arg>422</arg>
</arguments>
<status status="PASS" starttime="20200922 21:10:41.542" endtime="20200922 21:10:41.543"></status>
</kw>
<kw name="String" library="REST">
<tags>
<tag>assertions</tag>
</tags>
<doc>*Asserts the field as JSON string.*</doc>
<arguments>
<arg>response body error message parameters.period 0</arg>
<arg>Missing data for required field.</arg>
</arguments>
<status status="PASS" starttime="20200922 21:10:41.543" endtime="20200922 21:10:41.543"></status>
</kw>
<status status="PASS" starttime="20200922 21:10:41.529" endtime="20200922 21:10:41.543" critical="yes"></status>
</test>
<test id="s1-t4" name="fetch, 422, missing targetObject field in parameters">
<kw name="Get Body">
<assign>
<var>${body}</var>
</assign>
<kw name="Copy Dictionary" library="Collections">
<doc>Returns a copy of the given dictionary.</doc>
<arguments>
<arg>${BROKER_BODY}</arg>
<arg>deepcopy=True</arg>
</arguments>
<assign>
<var>${body}</var>
</assign>
<msg timestamp="20200922 21:10:41.544" level="INFO">${body} = {'timestamp': '2018-11-01T12:00:00+00:00', 'productCode': 'entsoe-electricity-price-product-code', 'parameters': {'period': '2020-06-08T13:00Z/2020-06-09T22:00Z', 'targetObject': '10YFI-1--------U'}}</msg>
<status status="PASS" starttime="20200922 21:10:41.544" endtime="20200922 21:10:41.544"></status>
</kw>
<kw name="Get Current Date" library="DateTime">
<doc>Returns current local or UTC time with an optional increment.</doc>
<arguments>
<arg>time_zone=UTC</arg>
<arg>result_format=%Y-%m-%dT%H:%M:%S+00:00</arg>
</arguments>
<assign>
<var>${now}</var>
</assign>
<msg timestamp="20200922 21:10:41.545" level="INFO">${now} = 2020-09-22T18:10:41+00:00</msg>
<status status="PASS" starttime="20200922 21:10:41.545" endtime="20200922 21:10:41.545"></status>
</kw>
<kw name="Set To Dictionary" library="Collections">
<doc>Adds the given ``key_value_pairs`` and ``items`` to the ``dictionary``.</doc>
<arguments>
<arg>${body}</arg>
<arg>timestamp</arg>
<arg>${now}</arg>
</arguments>
<status status="PASS" starttime="20200922 21:10:41.545" endtime="20200922 21:10:41.545"></status>
</kw>
<kw name="Set To Dictionary" library="Collections">
<doc>Adds the given ``key_value_pairs`` and ``items`` to the ``dictionary``.</doc>
<arguments>
<arg>${body}</arg>
<arg>&amp;{kwargs}</arg>
</arguments>
<status status="PASS" starttime="20200922 21:10:41.545" endtime="20200922 21:10:41.545"></status>
</kw>
<kw name="Evaluate" library="BuiltIn">
<doc>Evaluates the given expression in Python and returns the results.</doc>
<arguments>
<arg>json.dumps(${body})</arg>
<arg>json</arg>
</arguments>
<assign>
<var>${json_string}</var>
</assign>
<msg timestamp="20200922 21:10:41.546" level="INFO">${json_string} = {"timestamp": "2020-09-22T18:10:41+00:00", "productCode": "entsoe-electricity-price-product-code", "parameters": {"period": "2020-06-08T13:00Z/2020-06-09T22:00Z", "targetObject": "10YFI-1--------U"}}</msg>
<status status="PASS" starttime="20200922 21:10:41.545" endtime="20200922 21:10:41.546"></status>
</kw>
<msg timestamp="20200922 21:10:41.546" level="INFO">${body} = {"timestamp": "2020-09-22T18:10:41+00:00", "productCode": "entsoe-electricity-price-product-code", "parameters": {"period": "2020-06-08T13:00Z/2020-06-09T22:00Z", "targetObject": "10YFI-1--------U"}}</msg>
<status status="PASS" starttime="20200922 21:10:41.544" endtime="20200922 21:10:41.546"></status>
</kw>
<kw name="Evaluate" library="BuiltIn">
<doc>Evaluates the given expression in Python and returns the results.</doc>
<arguments>
<arg>json.loads('''${body}''')</arg>
<arg>json</arg>
</arguments>
<assign>
<var>${body}</var>
</assign>
<msg timestamp="20200922 21:10:41.546" level="INFO">${body} = {'timestamp': '2020-09-22T18:10:41+00:00', 'productCode': 'entsoe-electricity-price-product-code', 'parameters': {'period': '2020-06-08T13:00Z/2020-06-09T22:00Z', 'targetObject': '10YFI-1--------U'}}</msg>
<status status="PASS" starttime="20200922 21:10:41.546" endtime="20200922 21:10:41.546"></status>
</kw>
<kw name="Pop From Dictionary" library="Collections">
<doc>Pops the given ``key`` from the ``dictionary`` and returns its value.</doc>
<arguments>
<arg>${body["parameters"]}</arg>
<arg>targetObject</arg>
</arguments>
<status status="PASS" starttime="20200922 21:10:41.546" endtime="20200922 21:10:41.547"></status>
</kw>
<kw name="Fetch Data Product">
<arguments>
<arg>${body}</arg>
</arguments>
<kw name="Calculate Pot Signature" library="PoTLib">
<arguments>
<arg>${body}</arg>
<arg>${CLIENT_SECRET}</arg>
</arguments>
<assign>
<var>${signature}</var>
</assign>
<msg timestamp="20200922 21:10:41.547" level="INFO">mNWWz4Xrr2/ZE/OeVjw3zA/lOVYvyS6hexPqcsIzKyY=</msg>
<msg timestamp="20200922 21:10:41.547" level="INFO">${signature} = mNWWz4Xrr2/ZE/OeVjw3zA/lOVYvyS6hexPqcsIzKyY=</msg>
<status status="PASS" starttime="20200922 21:10:41.547" endtime="20200922 21:10:41.547"></status>
</kw>
<kw name="Set Headers" library="REST">
<tags>
<tag>settings</tag>
</tags>
<doc>*Sets new request headers or updates the existing.*</doc>
<arguments>
<arg>{"x-pot-signature": "${signature}", "x-app-token": "${APP_TOKEN}"}</arg>
</arguments>
<status status="PASS" starttime="20200922 21:10:41.548" endtime="20200922 21:10:41.548"></status>
</kw>
<kw name="Post" library="REST">
<tags>
<tag>http</tag>
</tags>
<doc>*Sends a POST request to the endpoint.*</doc>
<arguments>
<arg>/translator/v1/fetch</arg>
<arg>${body}</arg>
</arguments>
<status status="PASS" starttime="20200922 21:10:41.548" endtime="20200922 21:10:41.556"></status>
</kw>
<status status="PASS" starttime="20200922 21:10:41.547" endtime="20200922 21:10:41.556"></status>
</kw>
<kw name="Integer" library="REST">
<tags>
<tag>assertions</tag>
</tags>
<doc>*Asserts the field as JSON integer.*</doc>
<arguments>
<arg>response status</arg>
<arg>422</arg>
</arguments>
<status status="PASS" starttime="20200922 21:10:41.557" endtime="20200922 21:10:41.557"></status>
</kw>
<kw name="Integer" library="REST">
<tags>
<tag>assertions</tag>
</tags>
<doc>*Asserts the field as JSON integer.*</doc>
<arguments>
<arg>response body error status</arg>
<arg>422</arg>
</arguments>
<status status="PASS" starttime="20200922 21:10:41.557" endtime="20200922 21:10:41.558"></status>
</kw>
<kw name="String" library="REST">
<tags>
<tag>assertions</tag>
</tags>
<doc>*Asserts the field as JSON string.*</doc>
<arguments>
<arg>response body error message parameters.targetObject 0</arg>
<arg>Missing data for required field.</arg>
</arguments>
<status status="PASS" starttime="20200922 21:10:41.558" endtime="20200922 21:10:41.558"></status>
</kw>
<status status="PASS" starttime="20200922 21:10:41.544" endtime="20200922 21:10:41.559" critical="yes"></status>
</test>
<test id="s1-t5" name="fetch, 200, period's first time parameter is bigger than second">
<kw name="Get Body">
<assign>
<var>${body}</var>
</assign>
<kw name="Copy Dictionary" library="Collections">
<doc>Returns a copy of the given dictionary.</doc>
<arguments>
<arg>${BROKER_BODY}</arg>
<arg>deepcopy=True</arg>
</arguments>
<assign>
<var>${body}</var>
</assign>
<msg timestamp="20200922 21:10:41.560" level="INFO">${body} = {'timestamp': '2018-11-01T12:00:00+00:00', 'productCode': 'entsoe-electricity-price-product-code', 'parameters': {'period': '2020-06-08T13:00Z/2020-06-09T22:00Z', 'targetObject': '10YFI-1--------U'}}</msg>
<status status="PASS" starttime="20200922 21:10:41.559" endtime="20200922 21:10:41.560"></status>
</kw>
<kw name="Get Current Date" library="DateTime">
<doc>Returns current local or UTC time with an optional increment.</doc>
<arguments>
<arg>time_zone=UTC</arg>
<arg>result_format=%Y-%m-%dT%H:%M:%S+00:00</arg>
</arguments>
<assign>
<var>${now}</var>
</assign>
<msg timestamp="20200922 21:10:41.560" level="INFO">${now} = 2020-09-22T18:10:41+00:00</msg>
<status status="PASS" starttime="20200922 21:10:41.560" endtime="20200922 21:10:41.560"></status>
</kw>
<kw name="Set To Dictionary" library="Collections">
<doc>Adds the given ``key_value_pairs`` and ``items`` to the ``dictionary``.</doc>
<arguments>
<arg>${body}</arg>
<arg>timestamp</arg>
<arg>${now}</arg>
</arguments>
<status status="PASS" starttime="20200922 21:10:41.560" endtime="20200922 21:10:41.560"></status>
</kw>
<kw name="Set To Dictionary" library="Collections">
<doc>Adds the given ``key_value_pairs`` and ``items`` to the ``dictionary``.</doc>
<arguments>
<arg>${body}</arg>
<arg>&amp;{kwargs}</arg>
</arguments>
<status status="PASS" starttime="20200922 21:10:41.560" endtime="20200922 21:10:41.561"></status>
</kw>
<kw name="Evaluate" library="BuiltIn">
<doc>Evaluates the given expression in Python and returns the results.</doc>
<arguments>
<arg>json.dumps(${body})</arg>
<arg>json</arg>
</arguments>
<assign>
<var>${json_string}</var>
</assign>
<msg timestamp="20200922 21:10:41.561" level="INFO">${json_string} = {"timestamp": "2020-09-22T18:10:41+00:00", "productCode": "entsoe-electricity-price-product-code", "parameters": {"period": "2020-06-08T13:00Z/2020-06-09T22:00Z", "targetObject": "10YFI-1--------U"}}</msg>
<status status="PASS" starttime="20200922 21:10:41.561" endtime="20200922 21:10:41.561"></status>
</kw>
<msg timestamp="20200922 21:10:41.561" level="INFO">${body} = {"timestamp": "2020-09-22T18:10:41+00:00", "productCode": "entsoe-electricity-price-product-code", "parameters": {"period": "2020-06-08T13:00Z/2020-06-09T22:00Z", "targetObject": "10YFI-1--------U"}}</msg>
<status status="PASS" starttime="20200922 21:10:41.559" endtime="20200922 21:10:41.561"></status>
</kw>
<kw name="Evaluate" library="BuiltIn">
<doc>Evaluates the given expression in Python and returns the results.</doc>
<arguments>
<arg>json.loads('''${body}''')</arg>
<arg>json</arg>
</arguments>
<assign>
<var>${body}</var>
</assign>
<msg timestamp="20200922 21:10:41.562" level="INFO">${body} = {'timestamp': '2020-09-22T18:10:41+00:00', 'productCode': 'entsoe-electricity-price-product-code', 'parameters': {'period': '2020-06-08T13:00Z/2020-06-09T22:00Z', 'targetObject': '10YFI-1--------U'}}</msg>
<status status="PASS" starttime="20200922 21:10:41.561" endtime="20200922 21:10:41.562"></status>
</kw>
<kw name="Set To Dictionary" library="Collections">
<doc>Adds the given ``key_value_pairs`` and ``items`` to the ``dictionary``.</doc>
<arguments>
<arg>${body["parameters"]}</arg>
<arg>period=${PERIOD_SWAP}</arg>
</arguments>
<status status="PASS" starttime="20200922 21:10:41.562" endtime="20200922 21:10:41.562"></status>
</kw>
<kw name="Evaluate" library="BuiltIn">
<doc>Evaluates the given expression in Python and returns the results.</doc>
<arguments>
<arg>json.dumps(${body})</arg>
<arg>json</arg>
</arguments>
<assign>
<var>${body}</var>
</assign>
<msg timestamp="20200922 21:10:41.563" level="INFO">${body} = {"timestamp": "2020-09-22T18:10:41+00:00", "productCode": "entsoe-electricity-price-product-code", "parameters": {"period": "2020-06-09T22:00Z/2020-06-08T13:00Z", "targetObject": "10YFI-1--------U"}}</msg>
<status status="PASS" starttime="20200922 21:10:41.562" endtime="20200922 21:10:41.563"></status>
</kw>
<kw name="Fetch Data Product">
<arguments>
<arg>${body}</arg>
</arguments>
<kw name="Calculate Pot Signature" library="PoTLib">
<arguments>
<arg>${body}</arg>
<arg>${CLIENT_SECRET}</arg>
</arguments>
<assign>
<var>${signature}</var>
</assign>
<msg timestamp="20200922 21:10:41.563" level="INFO">MIRN5/rYfADicF1nliYaAaZRgiZS8JOOLzWRpctxbF0=</msg>
<msg timestamp="20200922 21:10:41.563" level="INFO">${signature} = MIRN5/rYfADicF1nliYaAaZRgiZS8JOOLzWRpctxbF0=</msg>
<status status="PASS" starttime="20200922 21:10:41.563" endtime="20200922 21:10:41.563"></status>
</kw>
<kw name="Set Headers" library="REST">
<tags>
<tag>settings</tag>
</tags>
<doc>*Sets new request headers or updates the existing.*</doc>
<arguments>
<arg>{"x-pot-signature": "${signature}", "x-app-token": "${APP_TOKEN}"}</arg>
</arguments>
<status status="PASS" starttime="20200922 21:10:41.563" endtime="20200922 21:10:41.564"></status>
</kw>
<kw name="Post" library="REST">
<tags>
<tag>http</tag>
</tags>
<doc>*Sends a POST request to the endpoint.*</doc>
<arguments>
<arg>/translator/v1/fetch</arg>
<arg>${body}</arg>
</arguments>
<status status="PASS" starttime="20200922 21:10:41.564" endtime="20200922 21:10:41.904"></status>
</kw>
<status status="PASS" starttime="20200922 21:10:41.563" endtime="20200922 21:10:41.905"></status>
</kw>
<kw name="Integer" library="REST">
<tags>
<tag>assertions</tag>
</tags>
<doc>*Asserts the field as JSON integer.*</doc>
<arguments>
<arg>response status</arg>
<arg>200</arg>
</arguments>
<status status="PASS" starttime="20200922 21:10:41.905" endtime="20200922 21:10:41.905"></status>
</kw>
<kw name="String" library="REST">
<tags>
<tag>assertions</tag>
</tags>
<doc>*Asserts the field as JSON string.*</doc>
<arguments>
<arg>response body @context</arg>
<arg>https://standards.oftrust.net/v2/Context/DataProductOutput/Forecast/Price/Electricity/</arg>
</arguments>
<status status="PASS" starttime="20200922 21:10:41.906" endtime="20200922 21:10:41.906"></status>
</kw>
<kw name="Object" library="REST">
<tags>
<tag>assertions</tag>
</tags>
<doc>*Asserts the field as JSON object.*</doc>
<arguments>
<arg>response body data</arg>
</arguments>
<status status="PASS" starttime="20200922 21:10:41.906" endtime="20200922 21:10:41.909"></status>
</kw>
<kw name="Array" library="REST">
<tags>
<tag>assertions</tag>
</tags>
<doc>*Asserts the field as JSON array.*</doc>
<arguments>
<arg>response body data forecasts</arg>
</arguments>
<status status="PASS" starttime="20200922 21:10:41.909" endtime="20200922 21:10:41.911"></status>
</kw>
<kw name="String" library="REST">
<tags>
<tag>assertions</tag>
</tags>
<doc>*Asserts the field as JSON string.*</doc>
<arguments>
<arg>response body data forecasts 0 @type</arg>
<arg>ForecastElectricityPriceMWH</arg>
</arguments>
<status status="PASS" starttime="20200922 21:10:41.911" endtime="20200922 21:10:41.912"></status>
</kw>
<kw name="String" library="REST">
<tags>
<tag>assertions</tag>
</tags>
<doc>*Asserts the field as JSON string.*</doc>
<arguments>
<arg>response body data forecasts 0 period</arg>
<arg>07.06.2020/09.06.2020</arg>
</arguments>
<status status="PASS" starttime="20200922 21:10:41.912" endtime="20200922 21:10:41.913"></status>
</kw>
<kw name="Array" library="REST">
<tags>
<tag>assertions</tag>
</tags>
<doc>*Asserts the field as JSON array.*</doc>
<arguments>
<arg>response body data forecasts 0 pricePlans</arg>
</arguments>
<status status="PASS" starttime="20200922 21:10:41.913" endtime="20200922 21:10:41.915"></status>
</kw>
<kw name="Object" library="REST">
<tags>
<tag>assertions</tag>
</tags>
<doc>*Asserts the field as JSON object.*</doc>
<arguments>
<arg>response body data forecasts 0 pricePlans 0</arg>
<arg>{"@type": "pricePlan","currency": "EUR","period": "07.06.2020T22:00/1h","rate": 3.68}</arg>
</arguments>
<status status="PASS" starttime="20200922 21:10:41.915" endtime="20200922 21:10:41.917"></status>
</kw>
<kw name="String" library="REST">
<tags>
<tag>assertions</tag>
</tags>
<doc>*Asserts the field as JSON string.*</doc>
<arguments>
<arg>response body data forecasts 0 pricePlans 0 @type</arg>
<arg>pricePlan</arg>
</arguments>
<status status="PASS" starttime="20200922 21:10:41.917" endtime="20200922 21:10:41.918"></status>
</kw>
<kw name="String" library="REST">
<tags>
<tag>assertions</tag>
</tags>
<doc>*Asserts the field as JSON string.*</doc>
<arguments>
<arg>response body data forecasts 0 pricePlans 0 currency</arg>
<arg>EUR</arg>
</arguments>
<status status="PASS" starttime="20200922 21:10:41.918" endtime="20200922 21:10:41.919"></status>
</kw>
<kw name="String" library="REST">
<tags>
<tag>assertions</tag>
</tags>
<doc>*Asserts the field as JSON string.*</doc>
<arguments>
<arg>response body data forecasts 0 pricePlans 0 period</arg>
<arg>07.06.2020T22:00/1h</arg>
</arguments>
<status status="PASS" starttime="20200922 21:10:41.919" endtime="20200922 21:10:41.920"></status>
</kw>
<kw name="Number" library="REST">
<tags>
<tag>assertions</tag>
</tags>
<doc>*Asserts the field as JSON number.*</doc>
<arguments>
<arg>response body data forecasts 0 pricePlans 0 rate</arg>
<arg>3.68</arg>
</arguments>
<status status="PASS" starttime="20200922 21:10:41.920" endtime="20200922 21:10:41.921"></status>
</kw>
<status status="PASS" starttime="20200922 21:10:41.559" endtime="20200922 21:10:41.921" critical="yes"></status>
</test>
<test id="s1-t6" name="fetch, 200, period is array">
<kw name="Get Body">
<assign>
<var>${body}</var>
</assign>
<kw name="Copy Dictionary" library="Collections">
<doc>Returns a copy of the given dictionary.</doc>
<arguments>
<arg>${BROKER_BODY}</arg>
<arg>deepcopy=True</arg>
</arguments>
<assign>
<var>${body}</var>
</assign>
<msg timestamp="20200922 21:10:41.933" level="INFO">${body} = {'timestamp': '2018-11-01T12:00:00+00:00', 'productCode': 'entsoe-electricity-price-product-code', 'parameters': {'period': '2020-06-08T13:00Z/2020-06-09T22:00Z', 'targetObject': '10YFI-1--------U'}}</msg>
<status status="PASS" starttime="20200922 21:10:41.921" endtime="20200922 21:10:41.933"></status>
</kw>
<kw name="Get Current Date" library="DateTime">
<doc>Returns current local or UTC time with an optional increment.</doc>
<arguments>
<arg>time_zone=UTC</arg>
<arg>result_format=%Y-%m-%dT%H:%M:%S+00:00</arg>
</arguments>
<assign>
<var>${now}</var>
</assign>
<msg timestamp="20200922 21:10:41.933" level="INFO">${now} = 2020-09-22T18:10:41+00:00</msg>
<status status="PASS" starttime="20200922 21:10:41.933" endtime="20200922 21:10:41.933"></status>
</kw>
<kw name="Set To Dictionary" library="Collections">
<doc>Adds the given ``key_value_pairs`` and ``items`` to the ``dictionary``.</doc>
<arguments>
<arg>${body}</arg>
<arg>timestamp</arg>
<arg>${now}</arg>
</arguments>
<status status="PASS" starttime="20200922 21:10:41.934" endtime="20200922 21:10:41.934"></status>
</kw>
<kw name="Set To Dictionary" library="Collections">
<doc>Adds the given ``key_value_pairs`` and ``items`` to the ``dictionary``.</doc>
<arguments>
<arg>${body}</arg>
<arg>&amp;{kwargs}</arg>
</arguments>
<status status="PASS" starttime="20200922 21:10:41.934" endtime="20200922 21:10:41.934"></status>
</kw>
<kw name="Evaluate" library="BuiltIn">
<doc>Evaluates the given expression in Python and returns the results.</doc>
<arguments>
<arg>json.dumps(${body})</arg>
<arg>json</arg>
</arguments>
<assign>
<var>${json_string}</var>
</assign>
<msg timestamp="20200922 21:10:41.934" level="INFO">${json_string} = {"timestamp": "2020-09-22T18:10:41+00:00", "productCode": "entsoe-electricity-price-product-code", "parameters": {"period": "2020-06-08T13:00Z/2020-06-09T22:00Z", "targetObject": "10YFI-1--------U"}}</msg>
<status status="PASS" starttime="20200922 21:10:41.934" endtime="20200922 21:10:41.935"></status>
</kw>
<msg timestamp="20200922 21:10:41.935" level="INFO">${body} = {"timestamp": "2020-09-22T18:10:41+00:00", "productCode": "entsoe-electricity-price-product-code", "parameters": {"period": "2020-06-08T13:00Z/2020-06-09T22:00Z", "targetObject": "10YFI-1--------U"}}</msg>
<status status="PASS" starttime="20200922 21:10:41.921" endtime="20200922 21:10:41.935"></status>
</kw>
<kw name="Evaluate" library="BuiltIn">
<doc>Evaluates the given expression in Python and returns the results.</doc>
<arguments>
<arg>json.loads('''${body}''')</arg>
<arg>json</arg>
</arguments>
<assign>
<var>${body}</var>
</assign>
<msg timestamp="20200922 21:10:41.935" level="INFO">${body} = {'timestamp': '2020-09-22T18:10:41+00:00', 'productCode': 'entsoe-electricity-price-product-code', 'parameters': {'period': '2020-06-08T13:00Z/2020-06-09T22:00Z', 'targetObject': '10YFI-1--------U'}}</msg>
<status status="PASS" starttime="20200922 21:10:41.935" endtime="20200922 21:10:41.935"></status>
</kw>
<kw name="Set To Dictionary" library="Collections">
<doc>Adds the given ``key_value_pairs`` and ``items`` to the ``dictionary``.</doc>
<arguments>
<arg>${body["parameters"]}</arg>
<arg>period=${PERIOD_ARRAY}</arg>
</arguments>
<status status="PASS" starttime="20200922 21:10:41.935" endtime="20200922 21:10:41.936"></status>
</kw>
<kw name="Evaluate" library="BuiltIn">
<doc>Evaluates the given expression in Python and returns the results.</doc>
<arguments>
<arg>json.dumps(${body})</arg>
<arg>json</arg>
</arguments>
<assign>
<var>${body}</var>
</assign>
<msg timestamp="20200922 21:10:41.936" level="INFO">${body} = {"timestamp": "2020-09-22T18:10:41+00:00", "productCode": "entsoe-electricity-price-product-code", "parameters": {"period": ["2020-06-08T13:00Z/2020-06-09T22:00Z"], "targetObject": "10YFI-1--------U"}...</msg>
<status status="PASS" starttime="20200922 21:10:41.936" endtime="20200922 21:10:41.936"></status>
</kw>
<kw name="Fetch Data Product">
<arguments>
<arg>${body}</arg>
</arguments>
<kw name="Calculate Pot Signature" library="PoTLib">
<arguments>
<arg>${body}</arg>
<arg>${CLIENT_SECRET}</arg>
</arguments>
<assign>
<var>${signature}</var>
</assign>
<msg timestamp="20200922 21:10:41.937" level="INFO">KyErqNClIg8riX3bFNcDxiqP6jE1USlapDlmL56FB9s=</msg>
<msg timestamp="20200922 21:10:41.937" level="INFO">${signature} = KyErqNClIg8riX3bFNcDxiqP6jE1USlapDlmL56FB9s=</msg>
<status status="PASS" starttime="20200922 21:10:41.937" endtime="20200922 21:10:41.937"></status>
</kw>
<kw name="Set Headers" library="REST">
<tags>
<tag>settings</tag>
</tags>
<doc>*Sets new request headers or updates the existing.*</doc>
<arguments>
<arg>{"x-pot-signature": "${signature}", "x-app-token": "${APP_TOKEN}"}</arg>
</arguments>
<status status="PASS" starttime="20200922 21:10:41.937" endtime="20200922 21:10:41.937"></status>
</kw>
<kw name="Post" library="REST">
<tags>
<tag>http</tag>
</tags>
<doc>*Sends a POST request to the endpoint.*</doc>
<arguments>
<arg>/translator/v1/fetch</arg>
<arg>${body}</arg>
</arguments>
<status status="PASS" starttime="20200922 21:10:41.937" endtime="20200922 21:10:42.280"></status>
</kw>
<status status="PASS" starttime="20200922 21:10:41.936" endtime="20200922 21:10:42.280"></status>
</kw>
<kw name="Integer" library="REST">
<tags>
<tag>assertions</tag>
</tags>
<doc>*Asserts the field as JSON integer.*</doc>
<arguments>
<arg>response status</arg>
<arg>200</arg>
</arguments>
<status status="PASS" starttime="20200922 21:10:42.280" endtime="20200922 21:10:42.281"></status>
</kw>
<kw name="String" library="REST">
<tags>
<tag>assertions</tag>
</tags>
<doc>*Asserts the field as JSON string.*</doc>
<arguments>
<arg>response body @context</arg>
<arg>https://standards.oftrust.net/v2/Context/DataProductOutput/Forecast/Price/Electricity/</arg>
</arguments>
<status status="PASS" starttime="20200922 21:10:42.281" endtime="20200922 21:10:42.281"></status>
</kw>
<kw name="Object" library="REST">
<tags>
<tag>assertions</tag>
</tags>
<doc>*Asserts the field as JSON object.*</doc>
<arguments>
<arg>response body data</arg>
</arguments>
<status status="PASS" starttime="20200922 21:10:42.282" endtime="20200922 21:10:42.284"></status>
</kw>
<kw name="Array" library="REST">
<tags>
<tag>assertions</tag>
</tags>
<doc>*Asserts the field as JSON array.*</doc>
<arguments>
<arg>response body data forecasts</arg>
</arguments>
<status status="PASS" starttime="20200922 21:10:42.284" endtime="20200922 21:10:42.286"></status>
</kw>
<kw name="String" library="REST">
<tags>
<tag>assertions</tag>
</tags>
<doc>*Asserts the field as JSON string.*</doc>
<arguments>
<arg>response body data forecasts 0 @type</arg>
<arg>ForecastElectricityPriceMWH</arg>
</arguments>
<status status="PASS" starttime="20200922 21:10:42.286" endtime="20200922 21:10:42.287"></status>
</kw>
<kw name="String" library="REST">
<tags>
<tag>assertions</tag>
</tags>
<doc>*Asserts the field as JSON string.*</doc>
<arguments>
<arg>response body data forecasts 0 period</arg>
<arg>07.06.2020/09.06.2020</arg>
</arguments>
<status status="PASS" starttime="20200922 21:10:42.288" endtime="20200922 21:10:42.289"></status>
</kw>
<kw name="Array" library="REST">
<tags>
<tag>assertions</tag>
</tags>
<doc>*Asserts the field as JSON array.*</doc>
<arguments>
<arg>response body data forecasts 0 pricePlans</arg>
</arguments>
<status status="PASS" starttime="20200922 21:10:42.289" endtime="20200922 21:10:42.291"></status>
</kw>
<kw name="Object" library="REST">
<tags>
<tag>assertions</tag>
</tags>
<doc>*Asserts the field as JSON object.*</doc>
<arguments>
<arg>response body data forecasts 0 pricePlans 0</arg>
<arg>{"@type": "pricePlan","currency": "EUR","period": "07.06.2020T22:00/1h","rate": 3.68}</arg>
</arguments>
<status status="PASS" starttime="20200922 21:10:42.291" endtime="20200922 21:10:42.292"></status>
</kw>
<kw name="String" library="REST">
<tags>
<tag>assertions</tag>
</tags>
<doc>*Asserts the field as JSON string.*</doc>
<arguments>
<arg>response body data forecasts 0 pricePlans 0 @type</arg>
<arg>pricePlan</arg>
</arguments>
<status status="PASS" starttime="20200922 21:10:42.293" endtime="20200922 21:10:42.293"></status>
</kw>
<kw name="String" library="REST">
<tags>
<tag>assertions</tag>
</tags>
<doc>*Asserts the field as JSON string.*</doc>
<arguments>
<arg>response body data forecasts 0 pricePlans 0 currency</arg>
<arg>EUR</arg>
</arguments>
<status status="PASS" starttime="20200922 21:10:42.294" endtime="20200922 21:10:42.294"></status>
</kw>
<kw name="String" library="REST">
<tags>
<tag>assertions</tag>
</tags>
<doc>*Asserts the field as JSON string.*</doc>
<arguments>
<arg>response body data forecasts 0 pricePlans 0 period</arg>
<arg>07.06.2020T22:00/1h</arg>
</arguments>
<status status="PASS" starttime="20200922 21:10:42.295" endtime="20200922 21:10:42.295"></status>
</kw>
<kw name="Number" library="REST">
<tags>
<tag>assertions</tag>
</tags>
<doc>*Asserts the field as JSON number.*</doc>
<arguments>
<arg>response body data forecasts 0 pricePlans 0 rate</arg>
<arg>3.68</arg>
</arguments>
<status status="PASS" starttime="20200922 21:10:42.296" endtime="20200922 21:10:42.296"></status>
</kw>
<status status="PASS" starttime="20200922 21:10:41.921" endtime="20200922 21:10:42.297" critical="yes"></status>
</test>
<test id="s1-t7" name="fetch, 200, wrong product code">
<kw name="Get Body">
<assign>
<var>${body}</var>
</assign>
<kw name="Copy Dictionary" library="Collections">
<doc>Returns a copy of the given dictionary.</doc>
<arguments>
<arg>${BROKER_BODY}</arg>
<arg>deepcopy=True</arg>
</arguments>
<assign>
<var>${body}</var>
</assign>
<msg timestamp="20200922 21:10:42.298" level="INFO">${body} = {'timestamp': '2018-11-01T12:00:00+00:00', 'productCode': 'entsoe-electricity-price-product-code', 'parameters': {'period': '2020-06-08T13:00Z/2020-06-09T22:00Z', 'targetObject': '10YFI-1--------U'}}</msg>
<status status="PASS" starttime="20200922 21:10:42.298" endtime="20200922 21:10:42.298"></status>
</kw>
<kw name="Get Current Date" library="DateTime">
<doc>Returns current local or UTC time with an optional increment.</doc>
<arguments>
<arg>time_zone=UTC</arg>
<arg>result_format=%Y-%m-%dT%H:%M:%S+00:00</arg>
</arguments>
<assign>
<var>${now}</var>
</assign>
<msg timestamp="20200922 21:10:42.298" level="INFO">${now} = 2020-09-22T18:10:42+00:00</msg>
<status status="PASS" starttime="20200922 21:10:42.298" endtime="20200922 21:10:42.298"></status>
</kw>
<kw name="Set To Dictionary" library="Collections">
<doc>Adds the given ``key_value_pairs`` and ``items`` to the ``dictionary``.</doc>
<arguments>
<arg>${body}</arg>
<arg>timestamp</arg>
<arg>${now}</arg>
</arguments>
<status status="PASS" starttime="20200922 21:10:42.298" endtime="20200922 21:10:42.299"></status>
</kw>
<kw name="Set To Dictionary" library="Collections">
<doc>Adds the given ``key_value_pairs`` and ``items`` to the ``dictionary``.</doc>
<arguments>
<arg>${body}</arg>
<arg>&amp;{kwargs}</arg>
</arguments>
<status status="PASS" starttime="20200922 21:10:42.299" endtime="20200922 21:10:42.299"></status>
</kw>
<kw name="Evaluate" library="BuiltIn">
<doc>Evaluates the given expression in Python and returns the results.</doc>
<arguments>
<arg>json.dumps(${body})</arg>
<arg>json</arg>
</arguments>
<assign>
<var>${json_string}</var>
</assign>
<msg timestamp="20200922 21:10:42.299" level="INFO">${json_string} = {"timestamp": "2020-09-22T18:10:42+00:00", "productCode": "entsoe-electricity-price-product-code", "parameters": {"period": "2020-06-08T13:00Z/2020-06-09T22:00Z", "targetObject": "10YFI-1--------U"}}</msg>
<status status="PASS" starttime="20200922 21:10:42.299" endtime="20200922 21:10:42.299"></status>
</kw>
<msg timestamp="20200922 21:10:42.300" level="INFO">${body} = {"timestamp": "2020-09-22T18:10:42+00:00", "productCode": "entsoe-electricity-price-product-code", "parameters": {"period": "2020-06-08T13:00Z/2020-06-09T22:00Z", "targetObject": "10YFI-1--------U"}}</msg>
<status status="PASS" starttime="20200922 21:10:42.297" endtime="20200922 21:10:42.300"></status>
</kw>
<kw name="Evaluate" library="BuiltIn">
<doc>Evaluates the given expression in Python and returns the results.</doc>
<arguments>
<arg>json.loads('''${body}''')</arg>
<arg>json</arg>
</arguments>
<assign>
<var>${body}</var>
</assign>
<msg timestamp="20200922 21:10:42.300" level="INFO">${body} = {'timestamp': '2020-09-22T18:10:42+00:00', 'productCode': 'entsoe-electricity-price-product-code', 'parameters': {'period': '2020-06-08T13:00Z/2020-06-09T22:00Z', 'targetObject': '10YFI-1--------U'}}</msg>
<status status="PASS" starttime="20200922 21:10:42.300" endtime="20200922 21:10:42.300"></status>
</kw>
<kw name="Set To Dictionary" library="Collections">
<doc>Adds the given ``key_value_pairs`` and ``items`` to the ``dictionary``.</doc>
<arguments>
<arg>${body}</arg>
<arg>productCode=${PRODUCTCODE_WRONG}</arg>
</arguments>
<status status="PASS" starttime="20200922 21:10:42.300" endtime="20200922 21:10:42.300"></status>
</kw>
<kw name="Evaluate" library="BuiltIn">
<doc>Evaluates the given expression in Python and returns the results.</doc>
<arguments>
<arg>json.dumps(${body})</arg>
<arg>json</arg>
</arguments>
<assign>
<var>${body}</var>
</assign>
<msg timestamp="20200922 21:10:42.301" level="INFO">${body} = {"timestamp": "2020-09-22T18:10:42+00:00", "productCode": "entsoe-test", "parameters": {"period": "2020-06-08T13:00Z/2020-06-09T22:00Z", "targetObject": "10YFI-1--------U"}}</msg>
<status status="PASS" starttime="20200922 21:10:42.300" endtime="20200922 21:10:42.301"></status>
</kw>
<kw name="Fetch Data Product">
<arguments>
<arg>${body}</arg>
</arguments>
<kw name="Calculate Pot Signature" library="PoTLib">
<arguments>
<arg>${body}</arg>
<arg>${CLIENT_SECRET}</arg>
</arguments>
<assign>
<var>${signature}</var>
</assign>
<msg timestamp="20200922 21:10:42.301" level="INFO">JVZKYUsI9RxrLc2AmNi3wOX2OEfK2aESsd9p19OnT2I=</msg>
<msg timestamp="20200922 21:10:42.302" level="INFO">${signature} = JVZKYUsI9RxrLc2AmNi3wOX2OEfK2aESsd9p19OnT2I=</msg>
<status status="PASS" starttime="20200922 21:10:42.301" endtime="20200922 21:10:42.302"></status>
</kw>
<kw name="Set Headers" library="REST">
<tags>
<tag>settings</tag>
</tags>
<doc>*Sets new request headers or updates the existing.*</doc>
<arguments>
<arg>{"x-pot-signature": "${signature}", "x-app-token": "${APP_TOKEN}"}</arg>
</arguments>
<status status="PASS" starttime="20200922 21:10:42.302" endtime="20200922 21:10:42.302"></status>
</kw>
<kw name="Post" library="REST">
<tags>
<tag>http</tag>
</tags>
<doc>*Sends a POST request to the endpoint.*</doc>
<arguments>
<arg>/translator/v1/fetch</arg>
<arg>${body}</arg>
</arguments>
<status status="PASS" starttime="20200922 21:10:42.302" endtime="20200922 21:10:42.317"></status>
</kw>
<status status="PASS" starttime="20200922 21:10:42.301" endtime="20200922 21:10:42.318"></status>
</kw>
<kw name="Integer" library="REST">
<tags>
<tag>assertions</tag>
</tags>
<doc>*Asserts the field as JSON integer.*</doc>
<arguments>
<arg>response status</arg>
<arg>200</arg>
</arguments>
<status status="PASS" starttime="20200922 21:10:42.318" endtime="20200922 21:10:42.318"></status>
</kw>
<kw name="String" library="REST">
<tags>
<tag>assertions</tag>
</tags>
<doc>*Asserts the field as JSON string.*</doc>
<arguments>
<arg>response body @context</arg>
<arg>https://standards.oftrust.net/v2/Context/DataProductOutput/Forecast/Price/Electricity/</arg>
</arguments>
<status status="PASS" starttime="20200922 21:10:42.318" endtime="20200922 21:10:42.319"></status>
</kw>
<kw name="Object" library="REST">
<tags>
<tag>assertions</tag>
</tags>
<doc>*Asserts the field as JSON object.*</doc>
<arguments>
<arg>response body data</arg>
</arguments>
<status status="PASS" starttime="20200922 21:10:42.319" endtime="20200922 21:10:42.319"></status>
</kw>
<kw name="Array" library="REST">
<tags>
<tag>assertions</tag>
</tags>
<doc>*Asserts the field as JSON array.*</doc>
<arguments>
<arg>response body data forecasts</arg>
</arguments>
<status status="PASS" starttime="20200922 21:10:42.320" endtime="20200922 21:10:42.320"></status>
</kw>
<status status="PASS" starttime="20200922 21:10:42.297" endtime="20200922 21:10:42.320" critical="yes"></status>
</test>
<status status="PASS" starttime="20200922 21:10:40.719" endtime="20200922 21:10:42.321"></status>
</suite>
<statistics>
<total>
<stat pass="7" fail="0">Critical Tests</stat>
<stat pass="7" fail="0">All Tests</stat>
</total>
<tag>
</tag>
<suite>
<stat pass="7" fail="0" id="s1" name="Connector Tests">Connector Tests</stat>
</suite>
</statistics>
<errors>
</errors>
</robot>
